2022-11-02 23:41:27,767 INFO r.d.CaseTest [main] env = chrome
2022-11-02 23:41:27,771 INFO r.d.CaseTest [main] pls = normal
2022-11-02 23:41:29,159 INFO r.d.WebDriverFactory [main] Драйвер для браузера Google Chrome
2022-11-02 23:41:29,167 INFO r.d.WebDriverFactory [main] PageLoadStrategy - normal
2022-11-02 23:41:31,756 INFO r.d.CaseTest [main] Драйвер стартовал!
2022-11-02 23:41:34,007 INFO r.d.CaseTest [main] Заголовок страницы - DNS – интернет магазин цифровой и бытовой техники по доступным ценам.
2022-11-02 23:41:34,016 INFO r.d.CaseTest [main] Текущий URL - https://www.dns-shop.ru/
2022-11-02 23:41:34,025 INFO r.d.CaseTest [main] Размеры окна браузера - (1552, 840)
2022-11-02 23:41:36,061 INFO r.d.CaseTest [main] Проверка на отображения текста Бытовая техника - пройдена!
2022-11-02 23:41:36,914 INFO r.d.CaseTest [main] Проверка на отображения текста Техника для кухни - пройдена!
2022-11-02 23:41:36,940 INFO r.d.CaseTest [main] Проверка на отображения ссылки Собрать свою кухню - пройдена!
2022-11-02 23:41:36,988 INFO r.d.CaseTest [main] Техника для кухни - Приготовление пищи
2022-11-02 23:41:37,003 INFO r.d.CaseTest [main] Техника для кухни - Приготовление напитков
2022-11-02 23:41:37,020 INFO r.d.CaseTest [main] Техника для кухни - Холодильное оборудование
2022-11-02 23:41:37,037 INFO r.d.CaseTest [main] Техника для кухни - Посудомоечные машины
2022-11-02 23:41:37,049 INFO r.d.CaseTest [main] Техника для кухни - Встраиваемая техника
2022-11-02 23:41:37,063 INFO r.d.CaseTest [main] Техника для кухни - Нарезка, смешивание, упаковка
2022-11-02 23:41:37,077 INFO r.d.CaseTest [main] Техника для кухни - Приготовление десертов
2022-11-02 23:41:37,092 INFO r.d.CaseTest [main] Техника для кухни - Измерения
2022-11-02 23:41:37,168 INFO r.d.CaseTest [main] Техника для кухни - Прочие товары для кухни
2022-11-02 23:41:37,203 INFO r.d.CaseTest [main] Техника для кухни - Посуда и кухонные предметы
2022-11-02 23:41:37,206 INFO r.d.CaseTest [main] Проверка на количество категорий раздела Техника для кухни  - пройдена!
2022-11-02 23:41:37,406 INFO r.d.CaseTest [main] Драйвер остановлен!
2022-11-02 23:41:37,422 INFO r.d.CaseTest [main] env = chrome
2022-11-02 23:41:37,423 INFO r.d.CaseTest [main] pls = normal
2022-11-02 23:41:37,480 INFO r.d.WebDriverFactory [main] Драйвер для браузера Google Chrome
2022-11-02 23:41:37,480 INFO r.d.WebDriverFactory [main] PageLoadStrategy - normal
2022-11-02 23:41:38,338 INFO r.d.CaseTest [main] Драйвер стартовал!
2022-11-02 23:41:42,017 INFO r.d.CaseTest [main] Бытовая техника - Техника для кухни
2022-11-02 23:41:42,041 INFO r.d.CaseTest [main] Бытовая техника - Техника для дома
2022-11-02 23:41:42,063 INFO r.d.CaseTest [main] Бытовая техника - Красота и здоровье
2022-11-02 23:41:42,071 INFO r.d.CaseTest [main] Проверка на отображение ссылок в разделе Бытовая техника прошла!
2022-11-02 23:41:42,539 INFO r.d.CaseTest [main] Приготовление пищи - Плиты1082
2022-11-02 23:41:42,557 INFO r.d.CaseTest [main] Приготовление пищи - Микроволновые печи403
2022-11-02 23:41:42,573 INFO r.d.CaseTest [main] Приготовление пищи - Мультиварки138
2022-11-02 23:41:42,588 INFO r.d.CaseTest [main] Приготовление пищи - Пароварки20
2022-11-02 23:41:42,604 INFO r.d.CaseTest [main] Приготовление пищи - Хлебопечки56
2022-11-02 23:41:42,620 INFO r.d.CaseTest [main] Приготовление пищи - Тостеры286
2022-11-02 23:41:42,634 INFO r.d.CaseTest [main] Приготовление пищи - Грили, аэрогрили, шашлычницы302
2022-11-02 23:41:42,649 INFO r.d.CaseTest [main] Приготовление пищи - Блинницы, электросковородки31
2022-11-02 23:41:42,664 INFO r.d.CaseTest [main] Приготовление пищи - Сэндвичницы и десертницы196
2022-11-02 23:41:42,682 INFO r.d.CaseTest [main] Приготовление пищи - Фритюрницы44
2022-11-02 23:41:42,697 INFO r.d.CaseTest [main] Приготовление пищи - Су-виды14
2022-11-02 23:41:42,710 INFO r.d.CaseTest [main] Приготовление пищи - Яйцеварки22
2022-11-02 23:41:42,724 INFO r.d.CaseTest [main] Приготовление пищи - Ветчинницы2
2022-11-02 23:41:42,738 INFO r.d.CaseTest [main] Приготовление пищи - Аксессуары для приготовления пищи214
2022-11-02 23:41:42,755 INFO r.d.CaseTest [main] Приготовление пищи - Средства для кухни37
2022-11-02 23:41:42,755 INFO r.d.CaseTest [main] Проверка на количество категорий раздела Приготовление пищи  - пройдена!
2022-11-02 23:41:45,267 INFO r.d.CaseTest [main] Проверка на количество товара в разделе Плиты электрические - пройдена!
2022-11-02 23:41:45,451 INFO r.d.CaseTest [main] Драйвер остановлен!
2022-11-22 21:55:33,313 INFO r.d.CaseTest [main] env = chrome
2022-11-22 21:55:33,316 INFO r.d.CaseTest [main] pls = normal
2022-11-22 21:55:33,642 INFO r.d.WebDriverFactory [main] Р”СЂР°Р№РІРµСЂ РґР»СЏ Р±СЂР°СѓР·РµСЂР° Google Chrome
2022-11-22 21:55:33,647 INFO r.d.WebDriverFactory [main] PageLoadStrategy - normal
2022-11-22 21:55:35,353 INFO r.d.CaseTest [main] Р”СЂР°Р№РІРµСЂ СЃС‚Р°СЂС‚РѕРІР°Р»!
2022-11-22 21:55:37,559 INFO r.d.CaseTest [main] Р—Р°РіРѕР»РѕРІРѕРє СЃС‚СЂР°РЅРёС†С‹ - DNS вЂ“ РёРЅС‚РµСЂРЅРµС‚ РјР°РіР°Р·РёРЅ С†РёС„СЂРѕРІРѕР№ Рё Р±С‹С‚РѕРІРѕР№ С‚РµС…РЅРёРєРё РїРѕ РґРѕСЃС‚СѓРїРЅС‹Рј С†РµРЅР°Рј.
2022-11-22 21:55:37,566 INFO r.d.CaseTest [main] РўРµРєСѓС‰РёР№ URL - https://www.dns-shop.ru/
2022-11-22 21:55:37,577 INFO r.d.CaseTest [main] Р Р°Р·РјРµСЂС‹ РѕРєРЅР° Р±СЂР°СѓР·РµСЂР° - (1552, 840)
2022-11-22 21:55:39,803 INFO r.d.CaseTest [main] РџСЂРѕРІРµСЂРєР° РЅР° РѕС‚РѕР±СЂР°Р¶РµРЅРёСЏ С‚РµРєСЃС‚Р° Р‘С‹С‚РѕРІР°СЏ С‚РµС…РЅРёРєР° - РїСЂРѕР№РґРµРЅР°!
2022-11-22 21:55:40,671 INFO r.d.CaseTest [main] РџСЂРѕРІРµСЂРєР° РЅР° РѕС‚РѕР±СЂР°Р¶РµРЅРёСЏ С‚РµРєСЃС‚Р° РўРµС…РЅРёРєР° РґР»СЏ РєСѓС…РЅРё - РїСЂРѕР№РґРµРЅР°!
2022-11-22 21:55:40,753 INFO r.d.CaseTest [main] РџСЂРѕРІРµСЂРєР° РЅР° РѕС‚РѕР±СЂР°Р¶РµРЅРёСЏ СЃСЃС‹Р»РєРё РЎРѕР±СЂР°С‚СЊ СЃРІРѕСЋ РєСѓС…РЅСЋ - РїСЂРѕР№РґРµРЅР°!
2022-11-22 21:55:41,046 INFO r.d.CaseTest [main] РўРµС…РЅРёРєР° РґР»СЏ РєСѓС…РЅРё - РџР»РёС‚С‹ Рё РїРµС‡Рё
2022-11-22 21:55:41,059 INFO r.d.CaseTest [main] РўРµС…РЅРёРєР° РґР»СЏ РєСѓС…РЅРё - РҐРѕР»РѕРґРёР»СЊРЅРѕРµ РѕР±РѕСЂСѓРґРѕРІР°РЅРёРµ
2022-11-22 21:55:41,072 INFO r.d.CaseTest [main] РўРµС…РЅРёРєР° РґР»СЏ РєСѓС…РЅРё - РџРѕСЃСѓРґРѕРјРѕРµС‡РЅС‹Рµ РјР°С€РёРЅС‹
2022-11-22 21:55:41,089 INFO r.d.CaseTest [main] РўРµС…РЅРёРєР° РґР»СЏ РєСѓС…РЅРё - РџСЂРёРіРѕС‚РѕРІР»РµРЅРёРµ РЅР°РїРёС‚РєРѕРІ
2022-11-22 21:55:41,102 INFO r.d.CaseTest [main] РўРµС…РЅРёРєР° РґР»СЏ РєСѓС…РЅРё - РќР°СЂРµР·РєР° Рё СЃРјРµС€РёРІР°РЅРёРµ
2022-11-22 21:55:41,115 INFO r.d.CaseTest [main] РўРµС…РЅРёРєР° РґР»СЏ РєСѓС…РЅРё - Р“СЂРёР»Рё, СЃСЌРЅРґРІРёС‡РЅРёС†С‹, С€Р°С€Р»С‹С‡РЅРёС†С‹
2022-11-22 21:55:41,128 INFO r.d.CaseTest [main] РўРµС…РЅРёРєР° РґР»СЏ РєСѓС…РЅРё - Р¤СЂРёС‚СЋСЂРЅРёС†С‹ Рё С‚РѕСЃС‚РµСЂС‹
2022-11-22 21:55:41,142 INFO r.d.CaseTest [main] РўРµС…РЅРёРєР° РґР»СЏ РєСѓС…РЅРё - РњСѓР»СЊС‚РёРІР°СЂРєРё Рё С‚РµС…РЅРёРєР° РґР»СЏ РІР°СЂРєРё
2022-11-22 21:55:41,155 INFO r.d.CaseTest [main] РўРµС…РЅРёРєР° РґР»СЏ РєСѓС…РЅРё - РџСЂРёРіРѕС‚РѕРІР»РµРЅРёРµ РґРµСЃРµСЂС‚РѕРІ
2022-11-22 21:55:41,168 INFO r.d.CaseTest [main] РўРµС…РЅРёРєР° РґР»СЏ РєСѓС…РЅРё - Р’Р°РєСѓСѓРјРЅР°СЏ СѓРїР°РєРѕРІРєР°
2022-11-22 21:55:41,183 INFO r.d.CaseTest [main] РўРµС…РЅРёРєР° РґР»СЏ РєСѓС…РЅРё - РР·РјРµСЂРµРЅРёСЏ
2022-11-22 21:55:41,196 INFO r.d.CaseTest [main] РўРµС…РЅРёРєР° РґР»СЏ РєСѓС…РЅРё - РџСЂРѕС‡РёРµ С‚РѕРІР°СЂС‹ РґР»СЏ РєСѓС…РЅРё
2022-11-22 21:55:41,211 INFO r.d.CaseTest [main] РўРµС…РЅРёРєР° РґР»СЏ РєСѓС…РЅРё - РџРѕСЃСѓРґР° Рё РєСѓС…РѕРЅРЅС‹Рµ РїСЂРµРґРјРµС‚С‹
2022-11-22 21:55:41,212 INFO r.d.CaseTest [main] РџСЂРѕРІРµСЂРєР° РЅР° РєРѕР»РёС‡РµСЃС‚РІРѕ РєР°С‚РµРіРѕСЂРёР№ СЂР°Р·РґРµР»Р° РўРµС…РЅРёРєР° РґР»СЏ РєСѓС…РЅРё  - РїСЂРѕР№РґРµРЅР°!
2022-11-22 21:55:41,428 INFO r.d.CaseTest [main] Р”СЂР°Р№РІРµСЂ РѕСЃС‚Р°РЅРѕРІР»РµРЅ!
2022-11-22 21:59:46,464 INFO r.d.CaseHW02Test [main] env = chrome
2022-11-22 21:59:46,468 INFO r.d.CaseHW02Test [main] pls = normal
2022-11-22 21:59:46,792 INFO r.d.WebDriverFactory [main] Драйвер для браузера Google Chrome
2022-11-22 21:59:46,797 INFO r.d.WebDriverFactory [main] PageLoadStrategy - normal
2022-11-22 21:59:48,501 INFO r.d.CaseHW02Test [main] Драйвер стартовал!
2022-11-22 21:59:55,134 INFO r.d.CaseHW02Test [main] Скриншот сохранен.
2022-11-22 21:59:55,237 INFO r.d.Listener [main] Найден веб элемент.
2022-11-22 21:59:58,059 INFO r.d.Listener [main] Скриншот сохранен.
2022-11-22 21:59:58,140 INFO r.d.Listener [main] Произведено нажатие.
2022-11-22 21:59:59,554 INFO r.d.CaseHW02Test [main] Драйвер остановлен!
2022-11-22 22:00:34,331 INFO r.d.CaseHW02Test [main] env = chrome
2022-11-22 22:00:34,334 INFO r.d.CaseHW02Test [main] pls = normal
2022-11-22 22:00:34,642 INFO r.d.WebDriverFactory [main] Р”СЂР°Р№РІРµСЂ РґР»СЏ Р±СЂР°СѓР·РµСЂР° Google Chrome
2022-11-22 22:00:34,649 INFO r.d.WebDriverFactory [main] PageLoadStrategy - normal
2022-11-22 22:00:36,227 INFO r.d.CaseHW02Test [main] Р”СЂР°Р№РІРµСЂ СЃС‚Р°СЂС‚РѕРІР°Р»!
2022-11-22 22:00:41,623 INFO r.d.CaseHW02Test [main] РЎРєСЂРёРЅС€РѕС‚ СЃРѕС…СЂР°РЅРµРЅ.
2022-11-22 22:00:41,712 INFO r.d.Listener [main] РќР°Р№РґРµРЅ РІРµР± СЌР»РµРјРµРЅС‚.
2022-11-22 22:00:44,229 INFO r.d.Listener [main] РЎРєСЂРёРЅС€РѕС‚ СЃРѕС…СЂР°РЅРµРЅ.
2022-11-22 22:00:44,303 INFO r.d.Listener [main] РџСЂРѕРёР·РІРµРґРµРЅРѕ РЅР°Р¶Р°С‚РёРµ.
2022-11-22 22:00:46,152 INFO r.d.CaseHW02Test [main] Р”СЂР°Р№РІРµСЂ РѕСЃС‚Р°РЅРѕРІР»РµРЅ!
2022-11-22 22:01:17,357 INFO r.d.CaseHW02Test [main] env = chrome
2022-11-22 22:01:17,361 INFO r.d.CaseHW02Test [main] pls = normal
2022-11-22 22:01:17,658 INFO r.d.WebDriverFactory [main] Р”СЂР°Р№РІРµСЂ РґР»СЏ Р±СЂР°СѓР·РµСЂР° Google Chrome
2022-11-22 22:01:17,663 INFO r.d.WebDriverFactory [main] PageLoadStrategy - normal
2022-11-22 22:01:19,255 INFO r.d.CaseHW02Test [main] Р”СЂР°Р№РІРµСЂ СЃС‚Р°СЂС‚РѕРІР°Р»!
2022-11-22 22:01:26,772 INFO r.d.CaseHW02Test [main] РЎРєСЂРёРЅС€РѕС‚ СЃРѕС…СЂР°РЅРµРЅ.
2022-11-22 22:01:26,867 INFO r.d.Listener [main] РќР°Р№РґРµРЅ РІРµР± СЌР»РµРјРµРЅС‚.
2022-11-22 22:01:29,309 INFO r.d.Listener [main] РЎРєСЂРёРЅС€РѕС‚ СЃРѕС…СЂР°РЅРµРЅ.
2022-11-22 22:01:29,384 INFO r.d.Listener [main] РџСЂРѕРёР·РІРµРґРµРЅРѕ РЅР°Р¶Р°С‚РёРµ.
2022-11-22 22:01:30,567 INFO r.d.CaseHW02Test [main] Р”СЂР°Р№РІРµСЂ РѕСЃС‚Р°РЅРѕРІР»РµРЅ!
2022-11-22 22:05:09,000 INFO r.d.CaseHW02Test [main] env = chrome
2022-11-22 22:05:09,003 INFO r.d.CaseHW02Test [main] pls = normal
2022-11-22 22:05:09,344 INFO r.d.WebDriverFactory [main] Р”СЂР°Р№РІРµСЂ РґР»СЏ Р±СЂР°СѓР·РµСЂР° Google Chrome
2022-11-22 22:05:09,350 INFO r.d.WebDriverFactory [main] PageLoadStrategy - normal
2022-11-22 22:05:11,020 INFO r.d.CaseHW02Test [main] Р”СЂР°Р№РІРµСЂ СЃС‚Р°СЂС‚РѕРІР°Р»!
2022-11-22 22:05:17,703 INFO r.d.CaseHW02Test [main] РЎРєСЂРёРЅС€РѕС‚ СЃРѕС…СЂР°РЅРµРЅ.
2022-11-22 22:05:17,817 INFO r.d.Listener [main] РќР°Р№РґРµРЅ РІРµР± СЌР»РµРјРµРЅС‚.
2022-11-22 22:05:20,747 INFO r.d.Listener [main] РЎРєСЂРёРЅС€РѕС‚ СЃРѕС…СЂР°РЅРµРЅ.
2022-11-22 22:05:20,838 INFO r.d.Listener [main] РџСЂРѕРёР·РІРµРґРµРЅРѕ РЅР°Р¶Р°С‚РёРµ.
2022-11-22 22:05:22,373 INFO r.d.Listener [main] РќР°Р№РґРµРЅ РІРµР± СЌР»РµРјРµРЅС‚.
2022-11-22 22:05:24,940 INFO r.d.Listener [main] РЎРєСЂРёРЅС€РѕС‚ СЃРѕС…СЂР°РЅРµРЅ.
2022-11-22 22:05:24,988 INFO r.d.Listener [main] РќР°Р№РґРµРЅ РІРµР± СЌР»РµРјРµРЅС‚.
2022-11-22 22:05:27,382 INFO r.d.Listener [main] РЎРєСЂРёРЅС€РѕС‚ СЃРѕС…СЂР°РЅРµРЅ.
2022-11-22 22:05:29,959 INFO r.d.CaseHW02Test [main] РЎРєСЂРёРЅС€РѕС‚ СЃРѕС…СЂР°РЅРµРЅ.
2022-11-22 22:05:30,006 INFO r.d.Listener [main] РќР°Р№РґРµРЅ РІРµР± СЌР»РµРјРµРЅС‚.
2022-11-22 22:05:32,560 INFO r.d.Listener [main] РЎРєСЂРёРЅС€РѕС‚ СЃРѕС…СЂР°РЅРµРЅ.
2022-11-22 22:05:34,766 INFO r.d.Listener [main] РџСЂРѕРёР·РІРµРґРµРЅРѕ РЅР°Р¶Р°С‚РёРµ.
2022-11-22 22:05:34,835 INFO r.d.Listener [main] РќР°Р№РґРµРЅ РІРµР± СЌР»РµРјРµРЅС‚.
2022-11-22 22:05:39,063 INFO r.d.Listener [main] РЎРєСЂРёРЅС€РѕС‚ СЃРѕС…СЂР°РЅРµРЅ.
2022-11-22 22:05:39,110 INFO r.d.Listener [main] РќР°Р№РґРµРЅ РІРµР± СЌР»РµРјРµРЅС‚.
2022-11-22 22:05:43,039 INFO r.d.Listener [main] РЎРєСЂРёРЅС€РѕС‚ СЃРѕС…СЂР°РЅРµРЅ.
2022-11-22 22:05:46,879 INFO r.d.CaseHW02Test [main] РЎРєСЂРёРЅС€РѕС‚ СЃРѕС…СЂР°РЅРµРЅ.
2022-11-22 22:05:46,913 INFO r.d.Listener [main] РќР°Р№РґРµРЅ РІРµР± СЌР»РµРјРµРЅС‚.
2022-11-22 22:05:50,704 INFO r.d.Listener [main] РЎРєСЂРёРЅС€РѕС‚ СЃРѕС…СЂР°РЅРµРЅ.
2022-11-22 22:05:50,756 INFO r.d.Listener [main] РќР°Р№РґРµРЅ РІРµР± СЌР»РµРјРµРЅС‚.
2022-11-22 22:05:54,453 INFO r.d.Listener [main] РЎРєСЂРёРЅС€РѕС‚ СЃРѕС…СЂР°РЅРµРЅ.
2022-11-22 22:05:54,804 INFO r.d.Listener [main] РџСЂРѕРёР·РІРµРґРµРЅРѕ РЅР°Р¶Р°С‚РёРµ.
2022-11-22 22:05:54,906 INFO r.d.Listener [main] РќР°Р№РґРµРЅ РІРµР± СЌР»РµРјРµРЅС‚.
2022-11-22 22:05:58,847 INFO r.d.Listener [main] РЎРєСЂРёРЅС€РѕС‚ СЃРѕС…СЂР°РЅРµРЅ.
2022-11-22 22:05:58,967 INFO r.d.Listener [main] РџСЂРѕРёР·РІРµРґРµРЅРѕ РЅР°Р¶Р°С‚РёРµ.
2022-11-22 22:05:59,026 INFO r.d.Listener [main] РќР°Р№РґРµРЅ РІРµР± СЌР»РµРјРµРЅС‚.
2022-11-22 22:06:02,576 INFO r.d.Listener [main] РЎРєСЂРёРЅС€РѕС‚ СЃРѕС…СЂР°РЅРµРЅ.
2022-11-22 22:06:02,656 INFO r.d.Listener [main] РџСЂРѕРёР·РІРµРґРµРЅРѕ РЅР°Р¶Р°С‚РёРµ.
2022-11-22 22:06:02,719 INFO r.d.Listener [main] РќР°Р№РґРµРЅ РІРµР± СЌР»РµРјРµРЅС‚.
2022-11-22 22:06:06,422 INFO r.d.Listener [main] РЎРєСЂРёРЅС€РѕС‚ СЃРѕС…СЂР°РЅРµРЅ.
2022-11-22 22:06:06,522 INFO r.d.Listener [main] РџСЂРѕРёР·РІРµРґРµРЅРѕ РЅР°Р¶Р°С‚РёРµ.
2022-11-22 22:06:06,593 INFO r.d.Listener [main] РќР°Р№РґРµРЅ РІРµР± СЌР»РµРјРµРЅС‚.
2022-11-22 22:06:10,097 INFO r.d.Listener [main] РЎРєСЂРёРЅС€РѕС‚ СЃРѕС…СЂР°РЅРµРЅ.
2022-11-22 22:06:14,291 INFO r.d.CaseHW02Test [main] РЎРєСЂРёРЅС€РѕС‚ СЃРѕС…СЂР°РЅРµРЅ.
2022-11-22 22:06:14,349 INFO r.d.Listener [main] РќР°Р№РґРµРЅ РІРµР± СЌР»РµРјРµРЅС‚.
2022-11-22 22:06:17,914 INFO r.d.Listener [main] РЎРєСЂРёРЅС€РѕС‚ СЃРѕС…СЂР°РЅРµРЅ.
2022-11-22 22:06:17,964 INFO r.d.Listener [main] РџСЂРѕРёР·РІРµРґРµРЅРѕ РЅР°Р¶Р°С‚РёРµ.
2022-11-22 22:06:18,009 INFO r.d.Listener [main] РќР°Р№РґРµРЅ РІРµР± СЌР»РµРјРµРЅС‚.
2022-11-22 22:06:21,573 INFO r.d.Listener [main] РЎРєСЂРёРЅС€РѕС‚ СЃРѕС…СЂР°РЅРµРЅ.
2022-11-22 22:06:21,653 INFO r.d.Listener [main] РџСЂРѕРёР·РІРµРґРµРЅРѕ РЅР°Р¶Р°С‚РёРµ.
2022-11-22 22:06:28,185 INFO r.d.CaseHW02Test [main] РЎРєСЂРёРЅС€РѕС‚ СЃРѕС…СЂР°РЅРµРЅ.
2022-11-22 22:06:28,217 INFO r.d.Listener [main] РќР°Р№РґРµРЅ РІРµР± СЌР»РµРјРµРЅС‚.
2022-11-22 22:06:30,492 INFO r.d.Listener [main] РЎРєСЂРёРЅС€РѕС‚ СЃРѕС…СЂР°РЅРµРЅ.
2022-11-22 22:06:30,533 INFO r.d.Listener [main] РќР°Р№РґРµРЅ РІРµР± СЌР»РµРјРµРЅС‚.
2022-11-22 22:06:32,890 INFO r.d.Listener [main] РЎРєСЂРёРЅС€РѕС‚ СЃРѕС…СЂР°РЅРµРЅ.
2022-11-22 22:06:32,920 INFO r.d.Listener [main] РџРѕР»СѓС‡РµРЅ С‚РµРєСЃС‚.
2022-11-22 22:06:38,518 INFO r.d.CaseHW02Test [main] РЎРєСЂРёРЅС€РѕС‚ СЃРѕС…СЂР°РЅРµРЅ.
2022-11-22 22:06:38,541 INFO r.d.CaseHW02Test [main] Р—Р°РіРѕР»РѕРІРѕРє СЃС‚СЂР°РЅРёС†С‹ СЃРѕРѕС‚РІРµС‚СЃС‚РІСѓРµС‚ РѕР¶РёРґР°РµРјРѕРјСѓ.
2022-11-22 22:06:38,557 INFO r.d.Listener [main] РќР°Р№РґРµРЅ РІРµР± СЌР»РµРјРµРЅС‚.
2022-11-22 22:06:40,138 INFO r.d.Listener [main] РЎРєСЂРёРЅС€РѕС‚ СЃРѕС…СЂР°РЅРµРЅ.
2022-11-22 22:06:40,175 INFO r.d.Listener [main] РќР°Р№РґРµРЅ РІРµР± СЌР»РµРјРµРЅС‚.
2022-11-22 22:06:41,706 INFO r.d.Listener [main] РЎРєСЂРёРЅС€РѕС‚ СЃРѕС…СЂР°РЅРµРЅ.
2022-11-22 22:06:41,730 INFO r.d.Listener [main] РџРѕР»СѓС‡РµРЅ С‚РµРєСЃС‚.
2022-11-22 22:06:41,730 INFO r.d.CaseHW02Test [main] Р’ Р±Р»РѕРєРµ РҐР°СЂР°РєС‚РµСЂРёСЃС‚РёРєРё Р·Р°РіРѕР»РѕРІРѕРє СЃРѕРґРµСЂР¶РёС‚ ASUS.
2022-11-22 22:06:41,745 INFO r.d.Listener [main] РќР°Р№РґРµРЅ РІРµР± СЌР»РµРјРµРЅС‚.
2022-11-22 22:06:43,441 INFO r.d.Listener [main] РЎРєСЂРёРЅС€РѕС‚ СЃРѕС…СЂР°РЅРµРЅ.
2022-11-22 22:06:43,497 INFO r.d.Listener [main] РќР°Р№РґРµРЅ РІРµР± СЌР»РµРјРµРЅС‚.
2022-11-22 22:06:44,978 INFO r.d.Listener [main] РЎРєСЂРёРЅС€РѕС‚ СЃРѕС…СЂР°РЅРµРЅ.
2022-11-22 22:06:45,103 INFO r.d.Listener [main] РџСЂРѕРёР·РІРµРґРµРЅРѕ РЅР°Р¶Р°С‚РёРµ.
2022-11-22 22:06:45,133 INFO r.d.Listener [main] РќР°Р№РґРµРЅ РІРµР± СЌР»РµРјРµРЅС‚.
2022-11-22 22:06:48,300 INFO r.d.Listener [main] РЎРєСЂРёРЅС€РѕС‚ СЃРѕС…СЂР°РЅРµРЅ.
2022-11-22 22:06:48,339 INFO r.d.Listener [main] РќР°Р№РґРµРЅ РІРµР± СЌР»РµРјРµРЅС‚.
2022-11-22 22:06:51,412 INFO r.d.Listener [main] РЎРєСЂРёРЅС€РѕС‚ СЃРѕС…СЂР°РЅРµРЅ.
2022-11-22 22:06:51,730 INFO r.d.Listener [main] РџРѕР»СѓС‡РµРЅ С‚РµРєСЃС‚.
2022-11-22 22:06:51,731 INFO r.d.CaseHW02Test [main] Р’ Р±Р»РѕРєРµ РҐР°СЂР°РєС‚РµСЂРёСЃС‚РёРєРё Р·РЅР°С‡РµРЅРёРµ РћР±СЉРµРј РѕРїРµСЂР°С‚РёРІРЅРѕР№ РїР°РјСЏС‚Рё СЂР°РІРЅРѕ 32 Р“Р‘.
2022-11-22 22:06:52,099 INFO r.d.CaseHW02Test [main] Р”СЂР°Р№РІРµСЂ РѕСЃС‚Р°РЅРѕРІР»РµРЅ!
2022-11-22 22:07:02,469 INFO r.d.CaseHW02Test [main] env = chrome
2022-11-22 22:07:02,473 INFO r.d.CaseHW02Test [main] pls = normal
2022-11-22 22:07:02,778 INFO r.d.WebDriverFactory [main] Драйвер для браузера Google Chrome
2022-11-22 22:07:02,789 INFO r.d.WebDriverFactory [main] PageLoadStrategy - normal
2022-11-22 22:07:04,463 INFO r.d.CaseHW02Test [main] Драйвер стартовал!
2022-11-22 22:07:10,622 INFO r.d.CaseHW02Test [main] Скриншот сохранен.
2022-11-22 22:07:10,707 INFO r.d.Listener [main] Найден веб элемент.
2022-11-22 22:07:13,309 INFO r.d.Listener [main] Скриншот сохранен.
2022-11-22 22:07:13,390 INFO r.d.Listener [main] Произведено нажатие.
2022-11-22 22:07:14,465 INFO r.d.Listener [main] Найден веб элемент.
2022-11-22 22:07:17,058 INFO r.d.Listener [main] Скриншот сохранен.
2022-11-22 22:07:17,111 INFO r.d.Listener [main] Найден веб элемент.
2022-11-22 22:07:19,399 INFO r.d.Listener [main] Скриншот сохранен.
2022-11-22 22:07:22,007 INFO r.d.CaseHW02Test [main] Скриншот сохранен.
2022-11-22 22:07:22,053 INFO r.d.Listener [main] Найден веб элемент.
2022-11-22 22:07:24,505 INFO r.d.Listener [main] Скриншот сохранен.
2022-11-22 22:07:28,208 INFO r.d.Listener [main] Произведено нажатие.
2022-11-22 22:07:28,233 INFO r.d.Listener [main] Найден веб элемент.
2022-11-22 22:07:32,218 INFO r.d.Listener [main] Скриншот сохранен.
2022-11-22 22:07:32,273 INFO r.d.Listener [main] Найден веб элемент.
2022-11-22 22:07:35,641 INFO r.d.Listener [main] Скриншот сохранен.
2022-11-22 22:07:38,918 INFO r.d.CaseHW02Test [main] Скриншот сохранен.
2022-11-22 22:07:38,953 INFO r.d.Listener [main] Найден веб элемент.
2022-11-22 22:07:42,296 INFO r.d.Listener [main] Скриншот сохранен.
2022-11-22 22:07:42,341 INFO r.d.Listener [main] Найден веб элемент.
2022-11-22 22:07:45,666 INFO r.d.Listener [main] Скриншот сохранен.
2022-11-22 22:07:46,022 INFO r.d.Listener [main] Произведено нажатие.
2022-11-22 22:07:46,123 INFO r.d.Listener [main] Найден веб элемент.
2022-11-22 22:07:49,667 INFO r.d.Listener [main] Скриншот сохранен.
2022-11-22 22:07:49,779 INFO r.d.Listener [main] Произведено нажатие.
2022-11-22 22:07:49,834 INFO r.d.Listener [main] Найден веб элемент.
2022-11-22 22:07:53,320 INFO r.d.Listener [main] Скриншот сохранен.
2022-11-22 22:07:53,391 INFO r.d.Listener [main] Произведено нажатие.
2022-11-22 22:07:53,449 INFO r.d.Listener [main] Найден веб элемент.
2022-11-22 22:07:57,070 INFO r.d.Listener [main] Скриншот сохранен.
2022-11-22 22:07:57,173 INFO r.d.Listener [main] Произведено нажатие.
2022-11-22 22:07:57,234 INFO r.d.Listener [main] Найден веб элемент.
2022-11-22 22:08:00,855 INFO r.d.Listener [main] Скриншот сохранен.
2022-11-22 22:08:04,879 INFO r.d.CaseHW02Test [main] Скриншот сохранен.
2022-11-22 22:08:04,948 INFO r.d.Listener [main] Найден веб элемент.
2022-11-22 22:08:08,494 INFO r.d.Listener [main] Скриншот сохранен.
2022-11-22 22:08:08,552 INFO r.d.Listener [main] Произведено нажатие.
2022-11-22 22:08:08,608 INFO r.d.Listener [main] Найден веб элемент.
2022-11-22 22:08:12,092 INFO r.d.Listener [main] Скриншот сохранен.
2022-11-22 22:08:12,181 INFO r.d.Listener [main] Произведено нажатие.
2022-11-22 22:08:16,688 INFO r.d.CaseHW02Test [main] Скриншот сохранен.
2022-11-22 22:08:16,721 INFO r.d.Listener [main] Найден веб элемент.
2022-11-22 22:08:19,085 INFO r.d.Listener [main] Скриншот сохранен.
2022-11-22 22:08:19,125 INFO r.d.Listener [main] Найден веб элемент.
2022-11-22 22:08:21,511 INFO r.d.Listener [main] Скриншот сохранен.
2022-11-22 22:08:21,541 INFO r.d.Listener [main] Получен текст.
2022-11-22 22:08:26,711 INFO r.d.CaseHW02Test [main] Скриншот сохранен.
2022-11-22 22:08:26,732 INFO r.d.CaseHW02Test [main] Заголовок страницы соответствует ожидаемому.
2022-11-22 22:08:26,748 INFO r.d.Listener [main] Найден веб элемент.
2022-11-22 22:08:28,402 INFO r.d.Listener [main] Скриншот сохранен.
2022-11-22 22:08:28,442 INFO r.d.Listener [main] Найден веб элемент.
2022-11-22 22:08:30,036 INFO r.d.Listener [main] Скриншот сохранен.
2022-11-22 22:08:30,059 INFO r.d.Listener [main] Получен текст.
2022-11-22 22:08:30,059 INFO r.d.CaseHW02Test [main] В блоке Характеристики заголовок содержит ASUS.
2022-11-22 22:08:30,076 INFO r.d.Listener [main] Найден веб элемент.
2022-11-22 22:08:31,575 INFO r.d.Listener [main] Скриншот сохранен.
2022-11-22 22:08:31,620 INFO r.d.Listener [main] Найден веб элемент.
2022-11-22 22:08:33,204 INFO r.d.Listener [main] Скриншот сохранен.
2022-11-22 22:08:33,308 INFO r.d.Listener [main] Произведено нажатие.
2022-11-22 22:08:33,330 INFO r.d.Listener [main] Найден веб элемент.
2022-11-22 22:08:36,487 INFO r.d.Listener [main] Скриншот сохранен.
2022-11-22 22:08:36,525 INFO r.d.Listener [main] Найден веб элемент.
2022-11-22 22:08:39,639 INFO r.d.Listener [main] Скриншот сохранен.
2022-11-22 22:08:39,956 INFO r.d.Listener [main] Получен текст.
2022-11-22 22:08:39,956 INFO r.d.CaseHW02Test [main] В блоке Характеристики значение Объем оперативной памяти равно 32 ГБ.
2022-11-22 22:08:40,380 INFO r.d.CaseHW02Test [main] Драйвер остановлен!
2022-11-22 22:31:00,674 INFO r.d.CaseTest [main] env = chrome
2022-11-22 22:31:00,678 INFO r.d.CaseTest [main] pls = normal
2022-11-22 22:31:02,030 INFO r.d.WebDriverFactory [main] Р”СЂР°Р№РІРµСЂ РґР»СЏ Р±СЂР°СѓР·РµСЂР° Google Chrome
2022-11-22 22:31:02,035 INFO r.d.WebDriverFactory [main] PageLoadStrategy - normal
2022-11-22 22:31:03,716 INFO r.d.CaseTest [main] Р”СЂР°Р№РІРµСЂ СЃС‚Р°СЂС‚РѕРІР°Р»!
2022-11-22 22:31:09,495 INFO r.d.CaseTest [main] РЎРєСЂРёРЅС€РѕС‚ СЃРѕС…СЂР°РЅРµРЅ.
2022-11-22 22:31:09,520 INFO r.d.CaseTest [main] Р—Р°РіРѕР»РѕРІРѕРє СЃС‚СЂР°РЅРёС†С‹ - DNS вЂ“ РёРЅС‚РµСЂРЅРµС‚ РјР°РіР°Р·РёРЅ С†РёС„СЂРѕРІРѕР№ Рё Р±С‹С‚РѕРІРѕР№ С‚РµС…РЅРёРєРё РїРѕ РґРѕСЃС‚СѓРїРЅС‹Рј С†РµРЅР°Рј.
2022-11-22 22:31:09,529 INFO r.d.CaseTest [main] РўРµРєСѓС‰РёР№ URL - https://www.dns-shop.ru/
2022-11-22 22:31:09,539 INFO r.d.CaseTest [main] Р Р°Р·РјРµСЂС‹ РѕРєРЅР° Р±СЂР°СѓР·РµСЂР° - (1552, 840)
2022-11-22 22:31:13,010 INFO r.d.CaseTest [main] РЎРєСЂРёРЅС€РѕС‚ СЃРѕС…СЂР°РЅРµРЅ.
2022-11-22 22:31:17,272 INFO r.d.CaseTest [main] РЎРєСЂРёРЅС€РѕС‚ СЃРѕС…СЂР°РЅРµРЅ.
2022-11-22 22:31:17,335 INFO r.d.CaseTest [main] РџСЂРѕРІРµСЂРєР° РЅР° РѕС‚РѕР±СЂР°Р¶РµРЅРёСЏ С‚РµРєСЃС‚Р° Р‘С‹С‚РѕРІР°СЏ С‚РµС…РЅРёРєР° - РїСЂРѕР№РґРµРЅР°!
2022-11-22 22:31:20,492 INFO r.d.CaseTest [main] РЎРєСЂРёРЅС€РѕС‚ СЃРѕС…СЂР°РЅРµРЅ.
2022-11-22 22:31:20,553 INFO r.d.CaseTest [main] РџСЂРѕРІРµСЂРєР° РЅР° РѕС‚РѕР±СЂР°Р¶РµРЅРёСЏ С‚РµРєСЃС‚Р° РўРµС…РЅРёРєР° РґР»СЏ РєСѓС…РЅРё - РїСЂРѕР№РґРµРЅР°!
2022-11-22 22:31:20,598 INFO r.d.CaseTest [main] РџСЂРѕРІРµСЂРєР° РЅР° РѕС‚РѕР±СЂР°Р¶РµРЅРёСЏ СЃСЃС‹Р»РєРё РЎРѕР±СЂР°С‚СЊ СЃРІРѕСЋ РєСѓС…РЅСЋ - РїСЂРѕР№РґРµРЅР°!
2022-11-22 22:31:20,774 INFO r.d.CaseTest [main] РўРµС…РЅРёРєР° РґР»СЏ РєСѓС…РЅРё - РџР»РёС‚С‹ Рё РїРµС‡Рё
2022-11-22 22:31:20,786 INFO r.d.CaseTest [main] РўРµС…РЅРёРєР° РґР»СЏ РєСѓС…РЅРё - РҐРѕР»РѕРґРёР»СЊРЅРѕРµ РѕР±РѕСЂСѓРґРѕРІР°РЅРёРµ
2022-11-22 22:31:20,798 INFO r.d.CaseTest [main] РўРµС…РЅРёРєР° РґР»СЏ РєСѓС…РЅРё - РџРѕСЃСѓРґРѕРјРѕРµС‡РЅС‹Рµ РјР°С€РёРЅС‹
2022-11-22 22:31:20,810 INFO r.d.CaseTest [main] РўРµС…РЅРёРєР° РґР»СЏ РєСѓС…РЅРё - РџСЂРёРіРѕС‚РѕРІР»РµРЅРёРµ РЅР°РїРёС‚РєРѕРІ
2022-11-22 22:31:20,823 INFO r.d.CaseTest [main] РўРµС…РЅРёРєР° РґР»СЏ РєСѓС…РЅРё - РќР°СЂРµР·РєР° Рё СЃРјРµС€РёРІР°РЅРёРµ
2022-11-22 22:31:20,836 INFO r.d.CaseTest [main] РўРµС…РЅРёРєР° РґР»СЏ РєСѓС…РЅРё - Р“СЂРёР»Рё, СЃСЌРЅРґРІРёС‡РЅРёС†С‹, С€Р°С€Р»С‹С‡РЅРёС†С‹
2022-11-22 22:31:20,849 INFO r.d.CaseTest [main] РўРµС…РЅРёРєР° РґР»СЏ РєСѓС…РЅРё - Р¤СЂРёС‚СЋСЂРЅРёС†С‹ Рё С‚РѕСЃС‚РµСЂС‹
2022-11-22 22:31:20,861 INFO r.d.CaseTest [main] РўРµС…РЅРёРєР° РґР»СЏ РєСѓС…РЅРё - РњСѓР»СЊС‚РёРІР°СЂРєРё Рё С‚РµС…РЅРёРєР° РґР»СЏ РІР°СЂРєРё
2022-11-22 22:31:20,873 INFO r.d.CaseTest [main] РўРµС…РЅРёРєР° РґР»СЏ РєСѓС…РЅРё - РџСЂРёРіРѕС‚РѕРІР»РµРЅРёРµ РґРµСЃРµСЂС‚РѕРІ
2022-11-22 22:31:20,884 INFO r.d.CaseTest [main] РўРµС…РЅРёРєР° РґР»СЏ РєСѓС…РЅРё - Р’Р°РєСѓСѓРјРЅР°СЏ СѓРїР°РєРѕРІРєР°
2022-11-22 22:31:20,897 INFO r.d.CaseTest [main] РўРµС…РЅРёРєР° РґР»СЏ РєСѓС…РЅРё - РР·РјРµСЂРµРЅРёСЏ
2022-11-22 22:31:20,908 INFO r.d.CaseTest [main] РўРµС…РЅРёРєР° РґР»СЏ РєСѓС…РЅРё - РџСЂРѕС‡РёРµ С‚РѕРІР°СЂС‹ РґР»СЏ РєСѓС…РЅРё
2022-11-22 22:31:20,920 INFO r.d.CaseTest [main] РўРµС…РЅРёРєР° РґР»СЏ РєСѓС…РЅРё - РџРѕСЃСѓРґР° Рё РєСѓС…РѕРЅРЅС‹Рµ РїСЂРµРґРјРµС‚С‹
2022-11-22 22:31:20,921 INFO r.d.CaseTest [main] РџСЂРѕРІРµСЂРєР° РЅР° РєРѕР»РёС‡РµСЃС‚РІРѕ РєР°С‚РµРіРѕСЂРёР№ СЂР°Р·РґРµР»Р° РўРµС…РЅРёРєР° РґР»СЏ РєСѓС…РЅРё  - РїСЂРѕР№РґРµРЅР°!
2022-11-22 22:31:21,122 INFO r.d.CaseTest [main] Р”СЂР°Р№РІРµСЂ РѕСЃС‚Р°РЅРѕРІР»РµРЅ!
2022-11-22 22:38:28,517 INFO r.d.CaseTest [main] env = chrome
2022-11-22 22:38:28,520 INFO r.d.CaseTest [main] pls = normal
2022-11-22 22:38:28,852 INFO r.d.WebDriverFactory [main] Р”СЂР°Р№РІРµСЂ РґР»СЏ Р±СЂР°СѓР·РµСЂР° Google Chrome
2022-11-22 22:38:28,857 INFO r.d.WebDriverFactory [main] PageLoadStrategy - normal
2022-11-22 22:38:30,517 INFO r.d.CaseTest [main] Р”СЂР°Р№РІРµСЂ СЃС‚Р°СЂС‚РѕРІР°Р»!
2022-11-22 22:39:09,392 INFO r.d.CaseTest [main] РЎРєСЂРёРЅС€РѕС‚ СЃРѕС…СЂР°РЅРµРЅ.
2022-11-22 22:39:09,415 INFO r.d.CaseTest [main] Р—Р°РіРѕР»РѕРІРѕРє СЃС‚СЂР°РЅРёС†С‹ - DNS вЂ“ РёРЅС‚РµСЂРЅРµС‚ РјР°РіР°Р·РёРЅ С†РёС„СЂРѕРІРѕР№ Рё Р±С‹С‚РѕРІРѕР№ С‚РµС…РЅРёРєРё РїРѕ РґРѕСЃС‚СѓРїРЅС‹Рј С†РµРЅР°Рј.
2022-11-22 22:39:09,427 INFO r.d.CaseTest [main] РўРµРєСѓС‰РёР№ URL - https://www.dns-shop.ru/
2022-11-22 22:39:09,438 INFO r.d.CaseTest [main] Р Р°Р·РјРµСЂС‹ РѕРєРЅР° Р±СЂР°СѓР·РµСЂР° - (1552, 840)
2022-11-22 22:39:20,129 INFO r.d.CaseTest [main] Р”СЂР°Р№РІРµСЂ РѕСЃС‚Р°РЅРѕРІР»РµРЅ!
2022-11-22 22:39:24,968 INFO r.d.CaseTest [main] env = chrome
2022-11-22 22:39:24,971 INFO r.d.CaseTest [main] pls = normal
2022-11-22 22:39:25,295 INFO r.d.WebDriverFactory [main] Р”СЂР°Р№РІРµСЂ РґР»СЏ Р±СЂР°СѓР·РµСЂР° Google Chrome
2022-11-22 22:39:25,300 INFO r.d.WebDriverFactory [main] PageLoadStrategy - normal
2022-11-22 22:39:26,928 INFO r.d.CaseTest [main] Р”СЂР°Р№РІРµСЂ СЃС‚Р°СЂС‚РѕРІР°Р»!
2022-11-22 22:39:35,144 INFO r.d.CaseTest [main] РЎРєСЂРёРЅС€РѕС‚ СЃРѕС…СЂР°РЅРµРЅ.
2022-11-22 22:39:35,165 INFO r.d.CaseTest [main] Р—Р°РіРѕР»РѕРІРѕРє СЃС‚СЂР°РЅРёС†С‹ - DNS вЂ“ РёРЅС‚РµСЂРЅРµС‚ РјР°РіР°Р·РёРЅ С†РёС„СЂРѕРІРѕР№ Рё Р±С‹С‚РѕРІРѕР№ С‚РµС…РЅРёРєРё РїРѕ РґРѕСЃС‚СѓРїРЅС‹Рј С†РµРЅР°Рј.
2022-11-22 22:39:35,172 INFO r.d.CaseTest [main] РўРµРєСѓС‰РёР№ URL - https://www.dns-shop.ru/
2022-11-22 22:39:35,179 INFO r.d.CaseTest [main] Р Р°Р·РјРµСЂС‹ РѕРєРЅР° Р±СЂР°СѓР·РµСЂР° - (1552, 840)
2022-11-22 22:39:35,869 INFO r.d.CaseTest [main] РЎРєСЂРёРЅС€РѕС‚ СЃРѕС…СЂР°РЅРµРЅ.
2022-11-22 22:39:46,615 INFO r.d.CaseTest [main] Р”СЂР°Р№РІРµСЂ РѕСЃС‚Р°РЅРѕРІР»РµРЅ!
2022-11-22 22:39:51,807 INFO r.d.CaseTest [main] env = chrome
2022-11-22 22:39:51,812 INFO r.d.CaseTest [main] pls = normal
2022-11-22 22:39:52,148 INFO r.d.WebDriverFactory [main] Р”СЂР°Р№РІРµСЂ РґР»СЏ Р±СЂР°СѓР·РµСЂР° Google Chrome
2022-11-22 22:39:52,156 INFO r.d.WebDriverFactory [main] PageLoadStrategy - normal
2022-11-22 22:39:53,835 INFO r.d.CaseTest [main] Р”СЂР°Р№РІРµСЂ СЃС‚Р°СЂС‚РѕРІР°Р»!
2022-11-22 22:40:03,463 INFO r.d.CaseTest [main] РЎРєСЂРёРЅС€РѕС‚ СЃРѕС…СЂР°РЅРµРЅ.
2022-11-22 22:40:03,488 INFO r.d.CaseTest [main] Р—Р°РіРѕР»РѕРІРѕРє СЃС‚СЂР°РЅРёС†С‹ - DNS вЂ“ РёРЅС‚РµСЂРЅРµС‚ РјР°РіР°Р·РёРЅ С†РёС„СЂРѕРІРѕР№ Рё Р±С‹С‚РѕРІРѕР№ С‚РµС…РЅРёРєРё РїРѕ РґРѕСЃС‚СѓРїРЅС‹Рј С†РµРЅР°Рј.
2022-11-22 22:40:03,494 INFO r.d.CaseTest [main] РўРµРєСѓС‰РёР№ URL - https://www.dns-shop.ru/
2022-11-22 22:40:03,503 INFO r.d.CaseTest [main] Р Р°Р·РјРµСЂС‹ РѕРєРЅР° Р±СЂР°СѓР·РµСЂР° - (1552, 840)
2022-11-22 22:40:11,610 INFO r.d.CaseTest [main] РЎРєСЂРёРЅС€РѕС‚ СЃРѕС…СЂР°РЅРµРЅ.
2022-11-22 22:40:22,274 INFO r.d.CaseTest [main] Р”СЂР°Р№РІРµСЂ РѕСЃС‚Р°РЅРѕРІР»РµРЅ!
2022-11-22 22:40:27,083 INFO r.d.CaseTest [main] env = chrome
2022-11-22 22:40:27,088 INFO r.d.CaseTest [main] pls = normal
2022-11-22 22:40:27,489 INFO r.d.WebDriverFactory [main] Р”СЂР°Р№РІРµСЂ РґР»СЏ Р±СЂР°СѓР·РµСЂР° Google Chrome
2022-11-22 22:40:27,498 INFO r.d.WebDriverFactory [main] PageLoadStrategy - normal
2022-11-22 22:40:29,107 INFO r.d.CaseTest [main] Р”СЂР°Р№РІРµСЂ СЃС‚Р°СЂС‚РѕРІР°Р»!
2022-11-22 22:40:38,961 INFO r.d.CaseTest [main] РЎРєСЂРёРЅС€РѕС‚ СЃРѕС…СЂР°РЅРµРЅ.
2022-11-22 22:40:38,973 INFO r.d.CaseTest [main] Р—Р°РіРѕР»РѕРІРѕРє СЃС‚СЂР°РЅРёС†С‹ - DNS вЂ“ РёРЅС‚РµСЂРЅРµС‚ РјР°РіР°Р·РёРЅ С†РёС„СЂРѕРІРѕР№ Рё Р±С‹С‚РѕРІРѕР№ С‚РµС…РЅРёРєРё РїРѕ РґРѕСЃС‚СѓРїРЅС‹Рј С†РµРЅР°Рј.
2022-11-22 22:40:38,983 INFO r.d.CaseTest [main] РўРµРєСѓС‰РёР№ URL - https://www.dns-shop.ru/
2022-11-22 22:40:38,995 INFO r.d.CaseTest [main] Р Р°Р·РјРµСЂС‹ РѕРєРЅР° Р±СЂР°СѓР·РµСЂР° - (1552, 840)
2022-11-22 22:40:44,165 INFO r.d.CaseTest [main] РЎРєСЂРёРЅС€РѕС‚ СЃРѕС…СЂР°РЅРµРЅ.
2022-11-22 22:40:56,883 INFO r.d.CaseTest [main] Р”СЂР°Р№РІРµСЂ РѕСЃС‚Р°РЅРѕРІР»РµРЅ!
2022-11-22 22:46:56,271 INFO r.d.CaseTest [main] env = chrome
2022-11-22 22:46:56,275 INFO r.d.CaseTest [main] pls = normal
2022-11-22 22:46:56,659 INFO r.d.WebDriverFactory [main] Р”СЂР°Р№РІРµСЂ РґР»СЏ Р±СЂР°СѓР·РµСЂР° Google Chrome
2022-11-22 22:46:56,664 INFO r.d.WebDriverFactory [main] PageLoadStrategy - normal
2022-11-22 22:46:58,387 INFO r.d.CaseTest [main] Р”СЂР°Р№РІРµСЂ СЃС‚Р°СЂС‚РѕРІР°Р»!
2022-11-22 22:47:04,395 INFO r.d.CaseTest [main] РЎРєСЂРёРЅС€РѕС‚ СЃРѕС…СЂР°РЅРµРЅ.
2022-11-22 22:47:05,451 INFO r.d.CaseTest [main] Р—Р°РіРѕР»РѕРІРѕРє СЃС‚СЂР°РЅРёС†С‹ - DNS вЂ“ РёРЅС‚РµСЂРЅРµС‚ РјР°РіР°Р·РёРЅ С†РёС„СЂРѕРІРѕР№ Рё Р±С‹С‚РѕРІРѕР№ С‚РµС…РЅРёРєРё РїРѕ РґРѕСЃС‚СѓРїРЅС‹Рј С†РµРЅР°Рј.
2022-11-22 22:47:05,532 INFO r.d.CaseTest [main] РўРµРєСѓС‰РёР№ URL - https://www.dns-shop.ru/
2022-11-22 22:47:05,645 INFO r.d.CaseTest [main] Р Р°Р·РјРµСЂС‹ РѕРєРЅР° Р±СЂР°СѓР·РµСЂР° - (1552, 840)
2022-11-22 22:47:16,364 INFO r.d.CaseTest [main] Р”СЂР°Р№РІРµСЂ РѕСЃС‚Р°РЅРѕРІР»РµРЅ!
2022-11-22 22:47:32,244 INFO r.d.CaseTest [main] env = chrome
2022-11-22 22:47:32,246 INFO r.d.CaseTest [main] pls = normal
2022-11-22 22:47:32,563 INFO r.d.WebDriverFactory [main] Р”СЂР°Р№РІРµСЂ РґР»СЏ Р±СЂР°СѓР·РµСЂР° Google Chrome
2022-11-22 22:47:32,571 INFO r.d.WebDriverFactory [main] PageLoadStrategy - normal
2022-11-22 22:47:34,186 INFO r.d.CaseTest [main] Р”СЂР°Р№РІРµСЂ СЃС‚Р°СЂС‚РѕРІР°Р»!
2022-11-22 22:47:39,625 INFO r.d.CaseTest [main] РЎРєСЂРёРЅС€РѕС‚ СЃРѕС…СЂР°РЅРµРЅ.
2022-11-22 22:47:39,653 INFO r.d.CaseTest [main] Р—Р°РіРѕР»РѕРІРѕРє СЃС‚СЂР°РЅРёС†С‹ - DNS вЂ“ РёРЅС‚РµСЂРЅРµС‚ РјР°РіР°Р·РёРЅ С†РёС„СЂРѕРІРѕР№ Рё Р±С‹С‚РѕРІРѕР№ С‚РµС…РЅРёРєРё РїРѕ РґРѕСЃС‚СѓРїРЅС‹Рј С†РµРЅР°Рј.
2022-11-22 22:47:39,660 INFO r.d.CaseTest [main] РўРµРєСѓС‰РёР№ URL - https://www.dns-shop.ru/
2022-11-22 22:47:39,668 INFO r.d.CaseTest [main] Р Р°Р·РјРµСЂС‹ РѕРєРЅР° Р±СЂР°СѓР·РµСЂР° - (1552, 840)
2022-11-22 22:47:44,541 INFO r.d.CaseTest [main] РЎРєСЂРёРЅС€РѕС‚ СЃРѕС…СЂР°РЅРµРЅ.
2022-11-22 22:47:55,253 INFO r.d.CaseTest [main] Р”СЂР°Р№РІРµСЂ РѕСЃС‚Р°РЅРѕРІР»РµРЅ!
2022-11-22 22:48:00,995 INFO r.d.CaseTest [main] env = chrome
2022-11-22 22:48:00,998 INFO r.d.CaseTest [main] pls = normal
2022-11-22 22:48:01,309 INFO r.d.WebDriverFactory [main] Р”СЂР°Р№РІРµСЂ РґР»СЏ Р±СЂР°СѓР·РµСЂР° Google Chrome
2022-11-22 22:48:01,317 INFO r.d.WebDriverFactory [main] PageLoadStrategy - normal
2022-11-22 22:48:03,373 INFO r.d.CaseTest [main] Р”СЂР°Р№РІРµСЂ СЃС‚Р°СЂС‚РѕРІР°Р»!
2022-11-22 22:48:09,903 INFO r.d.CaseTest [main] РЎРєСЂРёРЅС€РѕС‚ СЃРѕС…СЂР°РЅРµРЅ.
2022-11-22 22:48:09,928 INFO r.d.CaseTest [main] Р—Р°РіРѕР»РѕРІРѕРє СЃС‚СЂР°РЅРёС†С‹ - DNS вЂ“ РёРЅС‚РµСЂРЅРµС‚ РјР°РіР°Р·РёРЅ С†РёС„СЂРѕРІРѕР№ Рё Р±С‹С‚РѕРІРѕР№ С‚РµС…РЅРёРєРё РїРѕ РґРѕСЃС‚СѓРїРЅС‹Рј С†РµРЅР°Рј.
2022-11-22 22:48:09,935 INFO r.d.CaseTest [main] РўРµРєСѓС‰РёР№ URL - https://www.dns-shop.ru/
2022-11-22 22:48:09,943 INFO r.d.CaseTest [main] Р Р°Р·РјРµСЂС‹ РѕРєРЅР° Р±СЂР°СѓР·РµСЂР° - (1552, 840)
2022-11-22 22:48:13,336 INFO r.d.CaseTest [main] РЎРєСЂРёРЅС€РѕС‚ СЃРѕС…СЂР°РЅРµРЅ.
2022-11-22 22:48:17,015 INFO r.d.CaseTest [main] РЎРєСЂРёРЅС€РѕС‚ СЃРѕС…СЂР°РЅРµРЅ.
2022-11-22 22:48:17,071 INFO r.d.CaseTest [main] РџСЂРѕРІРµСЂРєР° РЅР° РѕС‚РѕР±СЂР°Р¶РµРЅРёСЏ С‚РµРєСЃС‚Р° Р‘С‹С‚РѕРІР°СЏ С‚РµС…РЅРёРєР° - РїСЂРѕР№РґРµРЅР°!
2022-11-22 22:48:19,811 INFO r.d.CaseTest [main] РЎРєСЂРёРЅС€РѕС‚ СЃРѕС…СЂР°РЅРµРЅ.
2022-11-22 22:48:19,861 INFO r.d.CaseTest [main] РџСЂРѕРІРµСЂРєР° РЅР° РѕС‚РѕР±СЂР°Р¶РµРЅРёСЏ С‚РµРєСЃС‚Р° РўРµС…РЅРёРєР° РґР»СЏ РєСѓС…РЅРё - РїСЂРѕР№РґРµРЅР°!
2022-11-22 22:48:19,902 INFO r.d.CaseTest [main] РџСЂРѕРІРµСЂРєР° РЅР° РѕС‚РѕР±СЂР°Р¶РµРЅРёСЏ СЃСЃС‹Р»РєРё РЎРѕР±СЂР°С‚СЊ СЃРІРѕСЋ РєСѓС…РЅСЋ - РїСЂРѕР№РґРµРЅР°!
2022-11-22 22:48:20,088 INFO r.d.CaseTest [main] РўРµС…РЅРёРєР° РґР»СЏ РєСѓС…РЅРё - РџР»РёС‚С‹ Рё РїРµС‡Рё
2022-11-22 22:48:20,101 INFO r.d.CaseTest [main] РўРµС…РЅРёРєР° РґР»СЏ РєСѓС…РЅРё - РҐРѕР»РѕРґРёР»СЊРЅРѕРµ РѕР±РѕСЂСѓРґРѕРІР°РЅРёРµ
2022-11-22 22:48:20,114 INFO r.d.CaseTest [main] РўРµС…РЅРёРєР° РґР»СЏ РєСѓС…РЅРё - РџРѕСЃСѓРґРѕРјРѕРµС‡РЅС‹Рµ РјР°С€РёРЅС‹
2022-11-22 22:48:20,128 INFO r.d.CaseTest [main] РўРµС…РЅРёРєР° РґР»СЏ РєСѓС…РЅРё - РџСЂРёРіРѕС‚РѕРІР»РµРЅРёРµ РЅР°РїРёС‚РєРѕРІ
2022-11-22 22:48:20,140 INFO r.d.CaseTest [main] РўРµС…РЅРёРєР° РґР»СЏ РєСѓС…РЅРё - РќР°СЂРµР·РєР° Рё СЃРјРµС€РёРІР°РЅРёРµ
2022-11-22 22:48:20,152 INFO r.d.CaseTest [main] РўРµС…РЅРёРєР° РґР»СЏ РєСѓС…РЅРё - Р“СЂРёР»Рё, СЃСЌРЅРґРІРёС‡РЅРёС†С‹, С€Р°С€Р»С‹С‡РЅРёС†С‹
2022-11-22 22:48:20,166 INFO r.d.CaseTest [main] РўРµС…РЅРёРєР° РґР»СЏ РєСѓС…РЅРё - Р¤СЂРёС‚СЋСЂРЅРёС†С‹ Рё С‚РѕСЃС‚РµСЂС‹
2022-11-22 22:48:20,177 INFO r.d.CaseTest [main] РўРµС…РЅРёРєР° РґР»СЏ РєСѓС…РЅРё - РњСѓР»СЊС‚РёРІР°СЂРєРё Рё С‚РµС…РЅРёРєР° РґР»СЏ РІР°СЂРєРё
2022-11-22 22:48:20,188 INFO r.d.CaseTest [main] РўРµС…РЅРёРєР° РґР»СЏ РєСѓС…РЅРё - РџСЂРёРіРѕС‚РѕРІР»РµРЅРёРµ РґРµСЃРµСЂС‚РѕРІ
2022-11-22 22:48:20,201 INFO r.d.CaseTest [main] РўРµС…РЅРёРєР° РґР»СЏ РєСѓС…РЅРё - Р’Р°РєСѓСѓРјРЅР°СЏ СѓРїР°РєРѕРІРєР°
2022-11-22 22:48:20,214 INFO r.d.CaseTest [main] РўРµС…РЅРёРєР° РґР»СЏ РєСѓС…РЅРё - РР·РјРµСЂРµРЅРёСЏ
2022-11-22 22:48:20,228 INFO r.d.CaseTest [main] РўРµС…РЅРёРєР° РґР»СЏ РєСѓС…РЅРё - РџСЂРѕС‡РёРµ С‚РѕРІР°СЂС‹ РґР»СЏ РєСѓС…РЅРё
2022-11-22 22:48:20,242 INFO r.d.CaseTest [main] РўРµС…РЅРёРєР° РґР»СЏ РєСѓС…РЅРё - РџРѕСЃСѓРґР° Рё РєСѓС…РѕРЅРЅС‹Рµ РїСЂРµРґРјРµС‚С‹
2022-11-22 22:48:20,243 INFO r.d.CaseTest [main] РџСЂРѕРІРµСЂРєР° РЅР° РєРѕР»РёС‡РµСЃС‚РІРѕ РєР°С‚РµРіРѕСЂРёР№ СЂР°Р·РґРµР»Р° РўРµС…РЅРёРєР° РґР»СЏ РєСѓС…РЅРё  - РїСЂРѕР№РґРµРЅР°!
2022-11-22 22:48:20,435 INFO r.d.CaseTest [main] Р”СЂР°Р№РІРµСЂ РѕСЃС‚Р°РЅРѕРІР»РµРЅ!
2022-11-22 22:49:27,538 INFO r.d.CaseTest [main] env = chrome
2022-11-22 22:49:27,541 INFO r.d.CaseTest [main] pls = normal
2022-11-22 22:49:27,872 INFO r.d.WebDriverFactory [main] Р”СЂР°Р№РІРµСЂ РґР»СЏ Р±СЂР°СѓР·РµСЂР° Google Chrome
2022-11-22 22:49:27,878 INFO r.d.WebDriverFactory [main] PageLoadStrategy - normal
2022-11-22 22:49:29,576 INFO r.d.CaseTest [main] Р”СЂР°Р№РІРµСЂ СЃС‚Р°СЂС‚РѕРІР°Р»!
2022-11-22 22:49:34,851 INFO r.d.CaseTest [main] РЎРєСЂРёРЅС€РѕС‚ СЃРѕС…СЂР°РЅРµРЅ.
2022-11-22 22:49:34,868 INFO r.d.CaseTest [main] Р—Р°РіРѕР»РѕРІРѕРє СЃС‚СЂР°РЅРёС†С‹ - DNS вЂ“ РёРЅС‚РµСЂРЅРµС‚ РјР°РіР°Р·РёРЅ С†РёС„СЂРѕРІРѕР№ Рё Р±С‹С‚РѕРІРѕР№ С‚РµС…РЅРёРєРё РїРѕ РґРѕСЃС‚СѓРїРЅС‹Рј С†РµРЅР°Рј.
2022-11-22 22:49:34,883 INFO r.d.CaseTest [main] РўРµРєСѓС‰РёР№ URL - https://www.dns-shop.ru/
2022-11-22 22:49:34,897 INFO r.d.CaseTest [main] Р Р°Р·РјРµСЂС‹ РѕРєРЅР° Р±СЂР°СѓР·РµСЂР° - (1552, 840)
2022-11-22 22:49:38,421 INFO r.d.CaseTest [main] РЎРєСЂРёРЅС€РѕС‚ СЃРѕС…СЂР°РЅРµРЅ.
2022-11-22 22:49:43,466 INFO r.d.CaseTest [main] РЎРєСЂРёРЅС€РѕС‚ СЃРѕС…СЂР°РЅРµРЅ.
2022-11-22 22:49:43,528 INFO r.d.CaseTest [main] РџСЂРѕРІРµСЂРєР° РЅР° РѕС‚РѕР±СЂР°Р¶РµРЅРёСЏ С‚РµРєСЃС‚Р° Р‘С‹С‚РѕРІР°СЏ С‚РµС…РЅРёРєР° - РїСЂРѕР№РґРµРЅР°!
2022-11-22 22:49:46,370 INFO r.d.CaseTest [main] РЎРєСЂРёРЅС€РѕС‚ СЃРѕС…СЂР°РЅРµРЅ.
2022-11-22 22:49:46,420 INFO r.d.CaseTest [main] РџСЂРѕРІРµСЂРєР° РЅР° РѕС‚РѕР±СЂР°Р¶РµРЅРёСЏ С‚РµРєСЃС‚Р° РўРµС…РЅРёРєР° РґР»СЏ РєСѓС…РЅРё - РїСЂРѕР№РґРµРЅР°!
2022-11-22 22:49:46,467 INFO r.d.CaseTest [main] РџСЂРѕРІРµСЂРєР° РЅР° РѕС‚РѕР±СЂР°Р¶РµРЅРёСЏ СЃСЃС‹Р»РєРё РЎРѕР±СЂР°С‚СЊ СЃРІРѕСЋ РєСѓС…РЅСЋ - РїСЂРѕР№РґРµРЅР°!
2022-11-22 22:49:46,650 INFO r.d.CaseTest [main] РўРµС…РЅРёРєР° РґР»СЏ РєСѓС…РЅРё - РџР»РёС‚С‹ Рё РїРµС‡Рё
2022-11-22 22:49:46,664 INFO r.d.CaseTest [main] РўРµС…РЅРёРєР° РґР»СЏ РєСѓС…РЅРё - РҐРѕР»РѕРґРёР»СЊРЅРѕРµ РѕР±РѕСЂСѓРґРѕРІР°РЅРёРµ
2022-11-22 22:49:46,678 INFO r.d.CaseTest [main] РўРµС…РЅРёРєР° РґР»СЏ РєСѓС…РЅРё - РџРѕСЃСѓРґРѕРјРѕРµС‡РЅС‹Рµ РјР°С€РёРЅС‹
2022-11-22 22:49:46,690 INFO r.d.CaseTest [main] РўРµС…РЅРёРєР° РґР»СЏ РєСѓС…РЅРё - РџСЂРёРіРѕС‚РѕРІР»РµРЅРёРµ РЅР°РїРёС‚РєРѕРІ
2022-11-22 22:49:46,704 INFO r.d.CaseTest [main] РўРµС…РЅРёРєР° РґР»СЏ РєСѓС…РЅРё - РќР°СЂРµР·РєР° Рё СЃРјРµС€РёРІР°РЅРёРµ
2022-11-22 22:49:46,717 INFO r.d.CaseTest [main] РўРµС…РЅРёРєР° РґР»СЏ РєСѓС…РЅРё - Р“СЂРёР»Рё, СЃСЌРЅРґРІРёС‡РЅРёС†С‹, С€Р°С€Р»С‹С‡РЅРёС†С‹
2022-11-22 22:49:46,730 INFO r.d.CaseTest [main] РўРµС…РЅРёРєР° РґР»СЏ РєСѓС…РЅРё - Р¤СЂРёС‚СЋСЂРЅРёС†С‹ Рё С‚РѕСЃС‚РµСЂС‹
2022-11-22 22:49:46,745 INFO r.d.CaseTest [main] РўРµС…РЅРёРєР° РґР»СЏ РєСѓС…РЅРё - РњСѓР»СЊС‚РёРІР°СЂРєРё Рё С‚РµС…РЅРёРєР° РґР»СЏ РІР°СЂРєРё
2022-11-22 22:49:46,759 INFO r.d.CaseTest [main] РўРµС…РЅРёРєР° РґР»СЏ РєСѓС…РЅРё - РџСЂРёРіРѕС‚РѕРІР»РµРЅРёРµ РґРµСЃРµСЂС‚РѕРІ
2022-11-22 22:49:46,775 INFO r.d.CaseTest [main] РўРµС…РЅРёРєР° РґР»СЏ РєСѓС…РЅРё - Р’Р°РєСѓСѓРјРЅР°СЏ СѓРїР°РєРѕРІРєР°
2022-11-22 22:49:46,790 INFO r.d.CaseTest [main] РўРµС…РЅРёРєР° РґР»СЏ РєСѓС…РЅРё - РР·РјРµСЂРµРЅРёСЏ
2022-11-22 22:49:46,803 INFO r.d.CaseTest [main] РўРµС…РЅРёРєР° РґР»СЏ РєСѓС…РЅРё - РџСЂРѕС‡РёРµ С‚РѕРІР°СЂС‹ РґР»СЏ РєСѓС…РЅРё
2022-11-22 22:49:46,816 INFO r.d.CaseTest [main] РўРµС…РЅРёРєР° РґР»СЏ РєСѓС…РЅРё - РџРѕСЃСѓРґР° Рё РєСѓС…РѕРЅРЅС‹Рµ РїСЂРµРґРјРµС‚С‹
2022-11-22 22:49:46,817 INFO r.d.CaseTest [main] РџСЂРѕРІРµСЂРєР° РЅР° РєРѕР»РёС‡РµСЃС‚РІРѕ РєР°С‚РµРіРѕСЂРёР№ СЂР°Р·РґРµР»Р° РўРµС…РЅРёРєР° РґР»СЏ РєСѓС…РЅРё  - РїСЂРѕР№РґРµРЅР°!
2022-11-22 22:49:47,044 INFO r.d.CaseTest [main] Р”СЂР°Р№РІРµСЂ РѕСЃС‚Р°РЅРѕРІР»РµРЅ!
2022-11-22 23:21:02,269 INFO r.d.CaseTest [main] env = chrome
2022-11-22 23:21:02,269 INFO r.d.CaseTest [main] pls = normal
2022-11-22 23:21:02,600 INFO r.d.WebDriverFactory [main] Р”СЂР°Р№РІРµСЂ РґР»СЏ Р±СЂР°СѓР·РµСЂР° Google Chrome
2022-11-22 23:21:02,600 INFO r.d.WebDriverFactory [main] PageLoadStrategy - normal
2022-11-22 23:21:04,283 INFO r.d.CaseTest [main] Р”СЂР°Р№РІРµСЂ СЃС‚Р°СЂС‚РѕРІР°Р»!
2022-11-22 23:21:09,349 INFO r.d.CaseTest [main] РЎРєСЂРёРЅС€РѕС‚ СЃРѕС…СЂР°РЅРµРЅ.
2022-11-22 23:21:09,382 INFO r.d.CaseTest [main] Р—Р°РіРѕР»РѕРІРѕРє СЃС‚СЂР°РЅРёС†С‹ - DNS вЂ“ РёРЅС‚РµСЂРЅРµС‚ РјР°РіР°Р·РёРЅ С†РёС„СЂРѕРІРѕР№ Рё Р±С‹С‚РѕРІРѕР№ С‚РµС…РЅРёРєРё РїРѕ РґРѕСЃС‚СѓРїРЅС‹Рј С†РµРЅР°Рј.
2022-11-22 23:21:09,390 INFO r.d.CaseTest [main] РўРµРєСѓС‰РёР№ URL - https://www.dns-shop.ru/
2022-11-22 23:21:09,399 INFO r.d.CaseTest [main] Р Р°Р·РјРµСЂС‹ РѕРєРЅР° Р±СЂР°СѓР·РµСЂР° - (1552, 840)
2022-11-22 23:21:12,677 INFO r.d.CaseTest [main] РЎРєСЂРёРЅС€РѕС‚ СЃРѕС…СЂР°РЅРµРЅ.
2022-11-22 23:21:16,645 INFO r.d.CaseTest [main] РЎРєСЂРёРЅС€РѕС‚ СЃРѕС…СЂР°РЅРµРЅ.
2022-11-22 23:21:16,726 INFO r.d.CaseTest [main] РџСЂРѕРІРµСЂРєР° РЅР° РѕС‚РѕР±СЂР°Р¶РµРЅРёСЏ С‚РµРєСЃС‚Р° Р‘С‹С‚РѕРІР°СЏ С‚РµС…РЅРёРєР° - РїСЂРѕР№РґРµРЅР°!
2022-11-22 23:21:19,552 INFO r.d.CaseTest [main] РЎРєСЂРёРЅС€РѕС‚ СЃРѕС…СЂР°РЅРµРЅ.
2022-11-22 23:21:19,606 INFO r.d.CaseTest [main] РџСЂРѕРІРµСЂРєР° РЅР° РѕС‚РѕР±СЂР°Р¶РµРЅРёСЏ С‚РµРєСЃС‚Р° РўРµС…РЅРёРєР° РґР»СЏ РєСѓС…РЅРё - РїСЂРѕР№РґРµРЅР°!
2022-11-22 23:21:19,641 INFO r.d.CaseTest [main] РџСЂРѕРІРµСЂРєР° РЅР° РѕС‚РѕР±СЂР°Р¶РµРЅРёСЏ СЃСЃС‹Р»РєРё РЎРѕР±СЂР°С‚СЊ СЃРІРѕСЋ РєСѓС…РЅСЋ - РїСЂРѕР№РґРµРЅР°!
2022-11-22 23:21:19,837 INFO r.d.CaseTest [main] РўРµС…РЅРёРєР° РґР»СЏ РєСѓС…РЅРё - РџР»РёС‚С‹ Рё РїРµС‡Рё
2022-11-22 23:21:19,853 INFO r.d.CaseTest [main] РўРµС…РЅРёРєР° РґР»СЏ РєСѓС…РЅРё - РҐРѕР»РѕРґРёР»СЊРЅРѕРµ РѕР±РѕСЂСѓРґРѕРІР°РЅРёРµ
2022-11-22 23:21:19,868 INFO r.d.CaseTest [main] РўРµС…РЅРёРєР° РґР»СЏ РєСѓС…РЅРё - РџРѕСЃСѓРґРѕРјРѕРµС‡РЅС‹Рµ РјР°С€РёРЅС‹
2022-11-22 23:21:19,868 INFO r.d.CaseTest [main] РўРµС…РЅРёРєР° РґР»СЏ РєСѓС…РЅРё - РџСЂРёРіРѕС‚РѕРІР»РµРЅРёРµ РЅР°РїРёС‚РєРѕРІ
2022-11-22 23:21:19,884 INFO r.d.CaseTest [main] РўРµС…РЅРёРєР° РґР»СЏ РєСѓС…РЅРё - РќР°СЂРµР·РєР° Рё СЃРјРµС€РёРІР°РЅРёРµ
2022-11-22 23:21:19,906 INFO r.d.CaseTest [main] РўРµС…РЅРёРєР° РґР»СЏ РєСѓС…РЅРё - Р“СЂРёР»Рё, СЃСЌРЅРґРІРёС‡РЅРёС†С‹, С€Р°С€Р»С‹С‡РЅРёС†С‹
2022-11-22 23:21:19,921 INFO r.d.CaseTest [main] РўРµС…РЅРёРєР° РґР»СЏ РєСѓС…РЅРё - Р¤СЂРёС‚СЋСЂРЅРёС†С‹ Рё С‚РѕСЃС‚РµСЂС‹
2022-11-22 23:21:19,922 INFO r.d.CaseTest [main] РўРµС…РЅРёРєР° РґР»СЏ РєСѓС…РЅРё - РњСѓР»СЊС‚РёРІР°СЂРєРё Рё С‚РµС…РЅРёРєР° РґР»СЏ РІР°СЂРєРё
2022-11-22 23:21:19,938 INFO r.d.CaseTest [main] РўРµС…РЅРёРєР° РґР»СЏ РєСѓС…РЅРё - РџСЂРёРіРѕС‚РѕРІР»РµРЅРёРµ РґРµСЃРµСЂС‚РѕРІ
2022-11-22 23:21:19,953 INFO r.d.CaseTest [main] РўРµС…РЅРёРєР° РґР»СЏ РєСѓС…РЅРё - Р’Р°РєСѓСѓРјРЅР°СЏ СѓРїР°РєРѕРІРєР°
2022-11-22 23:21:19,969 INFO r.d.CaseTest [main] РўРµС…РЅРёРєР° РґР»СЏ РєСѓС…РЅРё - РР·РјРµСЂРµРЅРёСЏ
2022-11-22 23:21:19,985 INFO r.d.CaseTest [main] РўРµС…РЅРёРєР° РґР»СЏ РєСѓС…РЅРё - РџСЂРѕС‡РёРµ С‚РѕРІР°СЂС‹ РґР»СЏ РєСѓС…РЅРё
2022-11-22 23:21:20,000 INFO r.d.CaseTest [main] РўРµС…РЅРёРєР° РґР»СЏ РєСѓС…РЅРё - РџРѕСЃСѓРґР° Рё РєСѓС…РѕРЅРЅС‹Рµ РїСЂРµРґРјРµС‚С‹
2022-11-22 23:21:20,006 INFO r.d.CaseTest [main] РџСЂРѕРІРµСЂРєР° РЅР° РєРѕР»РёС‡РµСЃС‚РІРѕ РєР°С‚РµРіРѕСЂРёР№ СЂР°Р·РґРµР»Р° РўРµС…РЅРёРєР° РґР»СЏ РєСѓС…РЅРё  - РїСЂРѕР№РґРµРЅР°!
2022-11-22 23:21:20,240 INFO r.d.CaseTest [main] Р”СЂР°Р№РІРµСЂ РѕСЃС‚Р°РЅРѕРІР»РµРЅ!
2022-11-22 23:24:09,630 INFO r.d.CaseTest [main] env = chrome
2022-11-22 23:24:09,630 INFO r.d.CaseTest [main] pls = normal
2022-11-22 23:24:09,951 INFO r.d.WebDriverFactory [main] Р”СЂР°Р№РІРµСЂ РґР»СЏ Р±СЂР°СѓР·РµСЂР° Google Chrome
2022-11-22 23:24:09,951 INFO r.d.WebDriverFactory [main] PageLoadStrategy - normal
2022-11-22 23:24:11,550 INFO r.d.CaseTest [main] Р”СЂР°Р№РІРµСЂ СЃС‚Р°СЂС‚РѕРІР°Р»!
2022-11-22 23:24:16,433 INFO r.d.CaseTest [main] РЎРєСЂРёРЅС€РѕС‚ СЃРѕС…СЂР°РЅРµРЅ.
2022-11-22 23:24:16,465 INFO r.d.CaseTest [main] Р—Р°РіРѕР»РѕРІРѕРє СЃС‚СЂР°РЅРёС†С‹ - DNS вЂ“ РёРЅС‚РµСЂРЅРµС‚ РјР°РіР°Р·РёРЅ С†РёС„СЂРѕРІРѕР№ Рё Р±С‹С‚РѕРІРѕР№ С‚РµС…РЅРёРєРё РїРѕ РґРѕСЃС‚СѓРїРЅС‹Рј С†РµРЅР°Рј.
2022-11-22 23:24:16,474 INFO r.d.CaseTest [main] РўРµРєСѓС‰РёР№ URL - https://www.dns-shop.ru/
2022-11-22 23:24:16,483 INFO r.d.CaseTest [main] Р Р°Р·РјРµСЂС‹ РѕРєРЅР° Р±СЂР°СѓР·РµСЂР° - (1552, 840)
2022-11-22 23:24:20,209 INFO r.d.CaseTest [main] РЎРєСЂРёРЅС€РѕС‚ СЃРѕС…СЂР°РЅРµРЅ.
2022-11-22 23:24:23,950 INFO r.d.CaseTest [main] РЎРєСЂРёРЅС€РѕС‚ СЃРѕС…СЂР°РЅРµРЅ.
2022-11-22 23:24:24,004 INFO r.d.CaseTest [main] РџСЂРѕРІРµСЂРєР° РЅР° РѕС‚РѕР±СЂР°Р¶РµРЅРёСЏ С‚РµРєСЃС‚Р° Р‘С‹С‚РѕРІР°СЏ С‚РµС…РЅРёРєР° - РїСЂРѕР№РґРµРЅР°!
2022-11-22 23:24:26,891 INFO r.d.CaseTest [main] РЎРєСЂРёРЅС€РѕС‚ СЃРѕС…СЂР°РЅРµРЅ.
2022-11-22 23:24:26,951 INFO r.d.CaseTest [main] РџСЂРѕРІРµСЂРєР° РЅР° РѕС‚РѕР±СЂР°Р¶РµРЅРёСЏ С‚РµРєСЃС‚Р° РўРµС…РЅРёРєР° РґР»СЏ РєСѓС…РЅРё - РїСЂРѕР№РґРµРЅР°!
2022-11-22 23:24:26,984 INFO r.d.CaseTest [main] РџСЂРѕРІРµСЂРєР° РЅР° РѕС‚РѕР±СЂР°Р¶РµРЅРёСЏ СЃСЃС‹Р»РєРё РЎРѕР±СЂР°С‚СЊ СЃРІРѕСЋ РєСѓС…РЅСЋ - РїСЂРѕР№РґРµРЅР°!
2022-11-22 23:24:27,170 INFO r.d.CaseTest [main] РўРµС…РЅРёРєР° РґР»СЏ РєСѓС…РЅРё - РџР»РёС‚С‹ Рё РїРµС‡Рё
2022-11-22 23:24:27,186 INFO r.d.CaseTest [main] РўРµС…РЅРёРєР° РґР»СЏ РєСѓС…РЅРё - РҐРѕР»РѕРґРёР»СЊРЅРѕРµ РѕР±РѕСЂСѓРґРѕРІР°РЅРёРµ
2022-11-22 23:24:27,202 INFO r.d.CaseTest [main] РўРµС…РЅРёРєР° РґР»СЏ РєСѓС…РЅРё - РџРѕСЃСѓРґРѕРјРѕРµС‡РЅС‹Рµ РјР°С€РёРЅС‹
2022-11-22 23:24:27,214 INFO r.d.CaseTest [main] РўРµС…РЅРёРєР° РґР»СЏ РєСѓС…РЅРё - РџСЂРёРіРѕС‚РѕРІР»РµРЅРёРµ РЅР°РїРёС‚РєРѕРІ
2022-11-22 23:24:27,231 INFO r.d.CaseTest [main] РўРµС…РЅРёРєР° РґР»СЏ РєСѓС…РЅРё - РќР°СЂРµР·РєР° Рё СЃРјРµС€РёРІР°РЅРёРµ
2022-11-22 23:24:27,246 INFO r.d.CaseTest [main] РўРµС…РЅРёРєР° РґР»СЏ РєСѓС…РЅРё - Р“СЂРёР»Рё, СЃСЌРЅРґРІРёС‡РЅРёС†С‹, С€Р°С€Р»С‹С‡РЅРёС†С‹
2022-11-22 23:24:27,262 INFO r.d.CaseTest [main] РўРµС…РЅРёРєР° РґР»СЏ РєСѓС…РЅРё - Р¤СЂРёС‚СЋСЂРЅРёС†С‹ Рё С‚РѕСЃС‚РµСЂС‹
2022-11-22 23:24:27,282 INFO r.d.CaseTest [main] РўРµС…РЅРёРєР° РґР»СЏ РєСѓС…РЅРё - РњСѓР»СЊС‚РёРІР°СЂРєРё Рё С‚РµС…РЅРёРєР° РґР»СЏ РІР°СЂРєРё
2022-11-22 23:24:27,301 INFO r.d.CaseTest [main] РўРµС…РЅРёРєР° РґР»СЏ РєСѓС…РЅРё - РџСЂРёРіРѕС‚РѕРІР»РµРЅРёРµ РґРµСЃРµСЂС‚РѕРІ
2022-11-22 23:24:27,314 INFO r.d.CaseTest [main] РўРµС…РЅРёРєР° РґР»СЏ РєСѓС…РЅРё - Р’Р°РєСѓСѓРјРЅР°СЏ СѓРїР°РєРѕРІРєР°
2022-11-22 23:24:27,331 INFO r.d.CaseTest [main] РўРµС…РЅРёРєР° РґР»СЏ РєСѓС…РЅРё - РР·РјРµСЂРµРЅРёСЏ
2022-11-22 23:24:27,335 INFO r.d.CaseTest [main] РўРµС…РЅРёРєР° РґР»СЏ РєСѓС…РЅРё - РџСЂРѕС‡РёРµ С‚РѕРІР°СЂС‹ РґР»СЏ РєСѓС…РЅРё
2022-11-22 23:24:27,350 INFO r.d.CaseTest [main] РўРµС…РЅРёРєР° РґР»СЏ РєСѓС…РЅРё - РџРѕСЃСѓРґР° Рё РєСѓС…РѕРЅРЅС‹Рµ РїСЂРµРґРјРµС‚С‹
2022-11-22 23:24:27,350 INFO r.d.CaseTest [main] РџСЂРѕРІРµСЂРєР° РЅР° РєРѕР»РёС‡РµСЃС‚РІРѕ РєР°С‚РµРіРѕСЂРёР№ СЂР°Р·РґРµР»Р° РўРµС…РЅРёРєР° РґР»СЏ РєСѓС…РЅРё  - РїСЂРѕР№РґРµРЅР°!
2022-11-22 23:24:27,592 INFO r.d.CaseTest [main] Р”СЂР°Р№РІРµСЂ РѕСЃС‚Р°РЅРѕРІР»РµРЅ!
2022-11-23 02:01:13,263 INFO r.d.CaseTest [main] env = chrome
2022-11-23 02:01:13,263 INFO r.d.CaseTest [main] pls = normal
2022-11-23 02:01:14,334 INFO r.d.WebDriverFactory [main] Р”СЂР°Р№РІРµСЂ РґР»СЏ Р±СЂР°СѓР·РµСЂР° Google Chrome
2022-11-23 02:01:14,350 INFO r.d.WebDriverFactory [main] PageLoadStrategy - normal
2022-11-23 02:01:16,167 INFO r.d.CaseTest [main] Р”СЂР°Р№РІРµСЂ СЃС‚Р°СЂС‚РѕРІР°Р»!
2022-11-23 02:01:21,198 INFO r.d.CaseTest [main] РЎРєСЂРёРЅС€РѕС‚ СЃРѕС…СЂР°РЅРµРЅ.
2022-11-23 02:01:21,224 INFO r.d.CaseTest [main] Р—Р°РіРѕР»РѕРІРѕРє СЃС‚СЂР°РЅРёС†С‹ - DNS вЂ“ РёРЅС‚РµСЂРЅРµС‚ РјР°РіР°Р·РёРЅ С†РёС„СЂРѕРІРѕР№ Рё Р±С‹С‚РѕРІРѕР№ С‚РµС…РЅРёРєРё РїРѕ РґРѕСЃС‚СѓРїРЅС‹Рј С†РµРЅР°Рј.
2022-11-23 02:01:21,230 INFO r.d.CaseTest [main] РўРµРєСѓС‰РёР№ URL - https://www.dns-shop.ru/
2022-11-23 02:01:21,238 INFO r.d.CaseTest [main] Р Р°Р·РјРµСЂС‹ РѕРєРЅР° Р±СЂР°СѓР·РµСЂР° - (1552, 840)
2022-11-23 02:01:24,478 INFO r.d.CaseTest [main] РЎРєСЂРёРЅС€РѕС‚ СЃРѕС…СЂР°РЅРµРЅ.
2022-11-23 02:01:28,655 INFO r.d.CaseTest [main] РЎРєСЂРёРЅС€РѕС‚ СЃРѕС…СЂР°РЅРµРЅ.
2022-11-23 02:01:28,710 INFO r.d.CaseTest [main] РџСЂРѕРІРµСЂРєР° РЅР° РѕС‚РѕР±СЂР°Р¶РµРЅРёСЏ С‚РµРєСЃС‚Р° Р‘С‹С‚РѕРІР°СЏ С‚РµС…РЅРёРєР° - РїСЂРѕР№РґРµРЅР°!
2022-11-23 02:01:31,554 INFO r.d.CaseTest [main] РЎРєСЂРёРЅС€РѕС‚ СЃРѕС…СЂР°РЅРµРЅ.
2022-11-23 02:01:31,606 INFO r.d.CaseTest [main] РџСЂРѕРІРµСЂРєР° РЅР° РѕС‚РѕР±СЂР°Р¶РµРЅРёСЏ С‚РµРєСЃС‚Р° РўРµС…РЅРёРєР° РґР»СЏ РєСѓС…РЅРё - РїСЂРѕР№РґРµРЅР°!
2022-11-23 02:01:31,641 INFO r.d.CaseTest [main] РџСЂРѕРІРµСЂРєР° РЅР° РѕС‚РѕР±СЂР°Р¶РµРЅРёСЏ СЃСЃС‹Р»РєРё РЎРѕР±СЂР°С‚СЊ СЃРІРѕСЋ РєСѓС…РЅСЋ - РїСЂРѕР№РґРµРЅР°!
2022-11-23 02:01:31,810 INFO r.d.CaseTest [main] РўРµС…РЅРёРєР° РґР»СЏ РєСѓС…РЅРё - РџР»РёС‚С‹ Рё РїРµС‡Рё
2022-11-23 02:01:31,834 INFO r.d.CaseTest [main] РўРµС…РЅРёРєР° РґР»СЏ РєСѓС…РЅРё - РҐРѕР»РѕРґРёР»СЊРЅРѕРµ РѕР±РѕСЂСѓРґРѕРІР°РЅРёРµ
2022-11-23 02:01:31,848 INFO r.d.CaseTest [main] РўРµС…РЅРёРєР° РґР»СЏ РєСѓС…РЅРё - РџРѕСЃСѓРґРѕРјРѕРµС‡РЅС‹Рµ РјР°С€РёРЅС‹
2022-11-23 02:01:31,863 INFO r.d.CaseTest [main] РўРµС…РЅРёРєР° РґР»СЏ РєСѓС…РЅРё - РџСЂРёРіРѕС‚РѕРІР»РµРЅРёРµ РЅР°РїРёС‚РєРѕРІ
2022-11-23 02:01:31,877 INFO r.d.CaseTest [main] РўРµС…РЅРёРєР° РґР»СЏ РєСѓС…РЅРё - РќР°СЂРµР·РєР° Рё СЃРјРµС€РёРІР°РЅРёРµ
2022-11-23 02:01:31,889 INFO r.d.CaseTest [main] РўРµС…РЅРёРєР° РґР»СЏ РєСѓС…РЅРё - Р“СЂРёР»Рё, СЃСЌРЅРґРІРёС‡РЅРёС†С‹, С€Р°С€Р»С‹С‡РЅРёС†С‹
2022-11-23 02:01:31,901 INFO r.d.CaseTest [main] РўРµС…РЅРёРєР° РґР»СЏ РєСѓС…РЅРё - Р¤СЂРёС‚СЋСЂРЅРёС†С‹ Рё С‚РѕСЃС‚РµСЂС‹
2022-11-23 02:01:31,912 INFO r.d.CaseTest [main] РўРµС…РЅРёРєР° РґР»СЏ РєСѓС…РЅРё - РњСѓР»СЊС‚РёРІР°СЂРєРё Рё С‚РµС…РЅРёРєР° РґР»СЏ РІР°СЂРєРё
2022-11-23 02:01:31,925 INFO r.d.CaseTest [main] РўРµС…РЅРёРєР° РґР»СЏ РєСѓС…РЅРё - РџСЂРёРіРѕС‚РѕРІР»РµРЅРёРµ РґРµСЃРµСЂС‚РѕРІ
2022-11-23 02:01:31,939 INFO r.d.CaseTest [main] РўРµС…РЅРёРєР° РґР»СЏ РєСѓС…РЅРё - Р’Р°РєСѓСѓРјРЅР°СЏ СѓРїР°РєРѕРІРєР°
2022-11-23 02:01:31,952 INFO r.d.CaseTest [main] РўРµС…РЅРёРєР° РґР»СЏ РєСѓС…РЅРё - РР·РјРµСЂРµРЅРёСЏ
2022-11-23 02:01:31,965 INFO r.d.CaseTest [main] РўРµС…РЅРёРєР° РґР»СЏ РєСѓС…РЅРё - РџСЂРѕС‡РёРµ С‚РѕРІР°СЂС‹ РґР»СЏ РєСѓС…РЅРё
2022-11-23 02:01:31,977 INFO r.d.CaseTest [main] РўРµС…РЅРёРєР° РґР»СЏ РєСѓС…РЅРё - РџРѕСЃСѓРґР° Рё РєСѓС…РѕРЅРЅС‹Рµ РїСЂРµРґРјРµС‚С‹
2022-11-23 02:01:31,978 INFO r.d.CaseTest [main] РџСЂРѕРІРµСЂРєР° РЅР° РєРѕР»РёС‡РµСЃС‚РІРѕ РєР°С‚РµРіРѕСЂРёР№ СЂР°Р·РґРµР»Р° РўРµС…РЅРёРєР° РґР»СЏ РєСѓС…РЅРё  - РїСЂРѕР№РґРµРЅР°!
2022-11-23 02:01:32,121 INFO r.d.CaseTest [main] Р”СЂР°Р№РІРµСЂ РѕСЃС‚Р°РЅРѕРІР»РµРЅ!
2022-11-23 02:14:27,080 INFO r.d.CaseHW02Test [main] env = chrome
2022-11-23 02:14:27,080 INFO r.d.CaseHW02Test [main] pls = normal
2022-11-23 02:14:27,381 INFO r.d.WebDriverFactory [main] Р”СЂР°Р№РІРµСЂ РґР»СЏ Р±СЂР°СѓР·РµСЂР° Google Chrome
2022-11-23 02:14:27,381 INFO r.d.WebDriverFactory [main] PageLoadStrategy - normal
2022-11-23 02:14:28,757 INFO r.d.CaseHW02Test [main] Р”СЂР°Р№РІРµСЂ СЃС‚Р°СЂС‚РѕРІР°Р»!
2022-11-23 02:14:33,904 INFO r.d.CaseHW02Test [main] РЎРєСЂРёРЅС€РѕС‚ СЃРѕС…СЂР°РЅРµРЅ.
2022-11-23 02:14:33,978 INFO r.d.Listener [main] РќР°Р№РґРµРЅ РІРµР± СЌР»РµРјРµРЅС‚.
2022-11-23 02:14:36,345 INFO r.d.Listener [main] РЎРєСЂРёРЅС€РѕС‚ СЃРѕС…СЂР°РЅРµРЅ.
2022-11-23 02:14:36,422 INFO r.d.Listener [main] РџСЂРѕРёР·РІРµРґРµРЅРѕ РЅР°Р¶Р°С‚РёРµ.
2022-11-23 02:14:37,406 INFO r.d.Listener [main] РќР°Р№РґРµРЅ РІРµР± СЌР»РµРјРµРЅС‚.
2022-11-23 02:14:39,869 INFO r.d.Listener [main] РЎРєСЂРёРЅС€РѕС‚ СЃРѕС…СЂР°РЅРµРЅ.
2022-11-23 02:14:39,916 INFO r.d.Listener [main] РќР°Р№РґРµРЅ РІРµР± СЌР»РµРјРµРЅС‚.
2022-11-23 02:14:42,177 INFO r.d.Listener [main] РЎРєСЂРёРЅС€РѕС‚ СЃРѕС…СЂР°РЅРµРЅ.
2022-11-23 02:14:44,650 INFO r.d.CaseHW02Test [main] РЎРєСЂРёРЅС€РѕС‚ СЃРѕС…СЂР°РЅРµРЅ.
2022-11-23 02:14:44,699 INFO r.d.Listener [main] РќР°Р№РґРµРЅ РІРµР± СЌР»РµРјРµРЅС‚.
2022-11-23 02:14:47,116 INFO r.d.Listener [main] РЎРєСЂРёРЅС€РѕС‚ СЃРѕС…СЂР°РЅРµРЅ.
2022-11-23 02:14:48,826 INFO r.d.Listener [main] РџСЂРѕРёР·РІРµРґРµРЅРѕ РЅР°Р¶Р°С‚РёРµ.
2022-11-23 02:14:52,873 INFO r.d.CaseHW02Test [main] РЎРєСЂРёРЅС€РѕС‚ СЃРѕС…СЂР°РЅРµРЅ.
2022-11-23 02:14:52,916 INFO r.d.Listener [main] РќР°Р№РґРµРЅ РІРµР± СЌР»РµРјРµРЅС‚.
2022-11-23 02:14:56,659 INFO r.d.Listener [main] РЎРєСЂРёРЅС€РѕС‚ СЃРѕС…СЂР°РЅРµРЅ.
2022-11-23 02:14:56,697 INFO r.d.Listener [main] РќР°Р№РґРµРЅ РІРµР± СЌР»РµРјРµРЅС‚.
2022-11-23 02:14:59,967 INFO r.d.Listener [main] РЎРєСЂРёРЅС€РѕС‚ СЃРѕС…СЂР°РЅРµРЅ.
2022-11-23 02:15:03,230 INFO r.d.CaseHW02Test [main] РЎРєСЂРёРЅС€РѕС‚ СЃРѕС…СЂР°РЅРµРЅ.
2022-11-23 02:15:03,270 INFO r.d.Listener [main] РќР°Р№РґРµРЅ РІРµР± СЌР»РµРјРµРЅС‚.
2022-11-23 02:15:06,466 INFO r.d.Listener [main] РЎРєСЂРёРЅС€РѕС‚ СЃРѕС…СЂР°РЅРµРЅ.
2022-11-23 02:15:06,504 INFO r.d.Listener [main] РќР°Р№РґРµРЅ РІРµР± СЌР»РµРјРµРЅС‚.
2022-11-23 02:15:09,731 INFO r.d.Listener [main] РЎРєСЂРёРЅС€РѕС‚ СЃРѕС…СЂР°РЅРµРЅ.
2022-11-23 02:15:10,089 INFO r.d.Listener [main] РџСЂРѕРёР·РІРµРґРµРЅРѕ РЅР°Р¶Р°С‚РёРµ.
2022-11-23 02:15:10,176 INFO r.d.Listener [main] РќР°Р№РґРµРЅ РІРµР± СЌР»РµРјРµРЅС‚.
2022-11-23 02:15:13,474 INFO r.d.Listener [main] РЎРєСЂРёРЅС€РѕС‚ СЃРѕС…СЂР°РЅРµРЅ.
2022-11-23 02:15:13,570 INFO r.d.Listener [main] РџСЂРѕРёР·РІРµРґРµРЅРѕ РЅР°Р¶Р°С‚РёРµ.
2022-11-23 02:15:13,625 INFO r.d.Listener [main] РќР°Р№РґРµРЅ РІРµР± СЌР»РµРјРµРЅС‚.
2022-11-23 02:15:17,124 INFO r.d.Listener [main] РЎРєСЂРёРЅС€РѕС‚ СЃРѕС…СЂР°РЅРµРЅ.
2022-11-23 02:15:17,200 INFO r.d.Listener [main] РџСЂРѕРёР·РІРµРґРµРЅРѕ РЅР°Р¶Р°С‚РёРµ.
2022-11-23 02:15:17,770 INFO r.d.Listener [main] РќР°Р№РґРµРЅ РІРµР± СЌР»РµРјРµРЅС‚.
2022-11-23 02:15:21,112 INFO r.d.Listener [main] РЎРєСЂРёРЅС€РѕС‚ СЃРѕС…СЂР°РЅРµРЅ.
2022-11-23 02:15:21,203 INFO r.d.Listener [main] РџСЂРѕРёР·РІРµРґРµРЅРѕ РЅР°Р¶Р°С‚РёРµ.
2022-11-23 02:15:21,256 INFO r.d.Listener [main] РќР°Р№РґРµРЅ РІРµР± СЌР»РµРјРµРЅС‚.
2022-11-23 02:15:24,785 INFO r.d.Listener [main] РЎРєСЂРёРЅС€РѕС‚ СЃРѕС…СЂР°РЅРµРЅ.
2022-11-23 02:15:28,535 INFO r.d.CaseHW02Test [main] РЎРєСЂРёРЅС€РѕС‚ СЃРѕС…СЂР°РЅРµРЅ.
2022-11-23 02:15:28,597 INFO r.d.Listener [main] РќР°Р№РґРµРЅ РІРµР± СЌР»РµРјРµРЅС‚.
2022-11-23 02:15:32,089 INFO r.d.Listener [main] РЎРєСЂРёРЅС€РѕС‚ СЃРѕС…СЂР°РЅРµРЅ.
2022-11-23 02:15:32,155 INFO r.d.Listener [main] РџСЂРѕРёР·РІРµРґРµРЅРѕ РЅР°Р¶Р°С‚РёРµ.
2022-11-23 02:15:32,204 INFO r.d.Listener [main] РќР°Р№РґРµРЅ РІРµР± СЌР»РµРјРµРЅС‚.
2022-11-23 02:15:35,652 INFO r.d.Listener [main] РЎРєСЂРёРЅС€РѕС‚ СЃРѕС…СЂР°РЅРµРЅ.
2022-11-23 02:15:35,728 INFO r.d.Listener [main] РџСЂРѕРёР·РІРµРґРµРЅРѕ РЅР°Р¶Р°С‚РёРµ.
2022-11-23 02:15:39,815 INFO r.d.CaseHW02Test [main] РЎРєСЂРёРЅС€РѕС‚ СЃРѕС…СЂР°РЅРµРЅ.
2022-11-23 02:15:39,848 INFO r.d.Listener [main] РќР°Р№РґРµРЅ РІРµР± СЌР»РµРјРµРЅС‚.
2022-11-23 02:15:42,134 INFO r.d.Listener [main] РЎРєСЂРёРЅС€РѕС‚ СЃРѕС…СЂР°РЅРµРЅ.
2022-11-23 02:15:42,176 INFO r.d.Listener [main] РќР°Р№РґРµРЅ РІРµР± СЌР»РµРјРµРЅС‚.
2022-11-23 02:15:44,530 INFO r.d.Listener [main] РЎРєСЂРёРЅС€РѕС‚ СЃРѕС…СЂР°РЅРµРЅ.
2022-11-23 02:15:44,554 INFO r.d.Listener [main] РџРѕР»СѓС‡РµРЅ С‚РµРєСЃС‚.
2022-11-23 02:15:48,717 INFO r.d.CaseHW02Test [main] РЎРєСЂРёРЅС€РѕС‚ СЃРѕС…СЂР°РЅРµРЅ.
2022-11-23 02:15:48,733 INFO r.d.CaseHW02Test [main] Р—Р°РіРѕР»РѕРІРѕРє СЃС‚СЂР°РЅРёС†С‹ СЃРѕРѕС‚РІРµС‚СЃС‚РІСѓРµС‚ РѕР¶РёРґР°РµРјРѕРјСѓ.
2022-11-23 02:15:48,749 INFO r.d.Listener [main] РќР°Р№РґРµРЅ РІРµР± СЌР»РµРјРµРЅС‚.
2022-11-23 02:15:50,315 INFO r.d.Listener [main] РЎРєСЂРёРЅС€РѕС‚ СЃРѕС…СЂР°РЅРµРЅ.
2022-11-23 02:15:50,339 INFO r.d.Listener [main] РќР°Р№РґРµРЅ РІРµР± СЌР»РµРјРµРЅС‚.
2022-11-23 02:15:51,931 INFO r.d.Listener [main] РЎРєСЂРёРЅС€РѕС‚ СЃРѕС…СЂР°РЅРµРЅ.
2022-11-23 02:15:51,950 INFO r.d.Listener [main] РџРѕР»СѓС‡РµРЅ С‚РµРєСЃС‚.
2022-11-23 02:15:51,950 INFO r.d.CaseHW02Test [main] Р’ Р±Р»РѕРєРµ РҐР°СЂР°РєС‚РµСЂРёСЃС‚РёРєРё Р·Р°РіРѕР»РѕРІРѕРє СЃРѕРґРµСЂР¶РёС‚ ASUS.
2022-11-23 02:15:51,970 INFO r.d.Listener [main] РќР°Р№РґРµРЅ РІРµР± СЌР»РµРјРµРЅС‚.
2022-11-23 02:15:53,400 INFO r.d.Listener [main] РЎРєСЂРёРЅС€РѕС‚ СЃРѕС…СЂР°РЅРµРЅ.
2022-11-23 02:15:53,443 INFO r.d.Listener [main] РќР°Р№РґРµРЅ РІРµР± СЌР»РµРјРµРЅС‚.
2022-11-23 02:15:54,987 INFO r.d.Listener [main] РЎРєСЂРёРЅС€РѕС‚ СЃРѕС…СЂР°РЅРµРЅ.
2022-11-23 02:15:55,093 INFO r.d.Listener [main] РџСЂРѕРёР·РІРµРґРµРЅРѕ РЅР°Р¶Р°С‚РёРµ.
2022-11-23 02:15:55,111 INFO r.d.Listener [main] РќР°Р№РґРµРЅ РІРµР± СЌР»РµРјРµРЅС‚.
2022-11-23 02:15:58,265 INFO r.d.Listener [main] РЎРєСЂРёРЅС€РѕС‚ СЃРѕС…СЂР°РЅРµРЅ.
2022-11-23 02:15:58,304 INFO r.d.Listener [main] РќР°Р№РґРµРЅ РІРµР± СЌР»РµРјРµРЅС‚.
2022-11-23 02:16:01,399 INFO r.d.Listener [main] РЎРєСЂРёРЅС€РѕС‚ СЃРѕС…СЂР°РЅРµРЅ.
2022-11-23 02:16:01,715 INFO r.d.Listener [main] РџРѕР»СѓС‡РµРЅ С‚РµРєСЃС‚.
2022-11-23 02:16:01,715 INFO r.d.CaseHW02Test [main] Р’ Р±Р»РѕРєРµ РҐР°СЂР°РєС‚РµСЂРёСЃС‚РёРєРё Р·РЅР°С‡РµРЅРёРµ РћР±СЉРµРј РѕРїРµСЂР°С‚РёРІРЅРѕР№ РїР°РјСЏС‚Рё СЂР°РІРЅРѕ 32 Р“Р‘.
2022-11-23 02:16:01,971 INFO r.d.CaseHW02Test [main] Р”СЂР°Р№РІРµСЂ РѕСЃС‚Р°РЅРѕРІР»РµРЅ!
